ERROR - 2021-06-23 22:12:39 --> Error connecting to the database: Access denied for user ''@'localhost' (using password: NO)
CRITICAL - 2021-06-23 22:12:39 --> Unable to connect to the database.
Main connection [MySQLi]: Access denied for user ''@'localhost' (using password: NO)
#0 C:\xampp-php74\htdocs\omorfia\system\Database\BaseConnection.php(625): CodeIgniter\Database\BaseConnection->initialize()
#1 C:\xampp-php74\htdocs\omorfia\system\Database\BaseBuilder.php(1881): CodeIgniter\Database\BaseConnection->query('SELECT *\nFROM `...', Array, false)
#2 C:\xampp-php74\htdocs\omorfia\app\Models\MenuModel.php(13): CodeIgniter\Database\BaseBuilder->get()
#3 C:\xampp-php74\htdocs\omorfia\app\Controllers\Cliente.php(13): App\Models\MenuModel->listarMenus()
#4 C:\xampp-php74\htdocs\omorfia\system\CodeIgniter.php(928): App\Controllers\Cliente->index()
#5 C:\xampp-php74\htdocs\omorfia\system\CodeIgniter.php(436): CodeIgniter\CodeIgniter->runController(Object(App\Controllers\Cliente))
#6 C:\xampp-php74\htdocs\omorfia\system\CodeIgniter.php(336): CodeIgniter\CodeIgniter->handleRequest(NULL, Object(Config\Cache), false)
#7 C:\xampp-php74\htdocs\omorfia\index.php(37): CodeIgniter\CodeIgniter->run()
#8 {main}
ERROR - 2021-06-23 22:15:02 --> Error connecting to the database: Access denied for user ''@'localhost' (using password: NO)
CRITICAL - 2021-06-23 22:15:02 --> Unable to connect to the database.
Main connection [MySQLi]: Access denied for user ''@'localhost' (using password: NO)
#0 C:\xampp-php74\htdocs\omorfia\system\Database\BaseConnection.php(625): CodeIgniter\Database\BaseConnection->initialize()
#1 C:\xampp-php74\htdocs\omorfia\system\Database\BaseBuilder.php(1881): CodeIgniter\Database\BaseConnection->query('SELECT *\nFROM `...', Array, false)
#2 C:\xampp-php74\htdocs\omorfia\app\Models\MenuModel.php(13): CodeIgniter\Database\BaseBuilder->get()
#3 C:\xampp-php74\htdocs\omorfia\app\Controllers\Cliente.php(13): App\Models\MenuModel->listarMenus()
#4 C:\xampp-php74\htdocs\omorfia\system\CodeIgniter.php(928): App\Controllers\Cliente->index()
#5 C:\xampp-php74\htdocs\omorfia\system\CodeIgniter.php(436): CodeIgniter\CodeIgniter->runController(Object(App\Controllers\Cliente))
#6 C:\xampp-php74\htdocs\omorfia\system\CodeIgniter.php(336): CodeIgniter\CodeIgniter->handleRequest(NULL, Object(Config\Cache), false)
#7 C:\xampp-php74\htdocs\omorfia\index.php(37): CodeIgniter\CodeIgniter->run()
#8 {main}
ERROR - 2021-06-23 22:15:04 --> Error connecting to the database: Access denied for user ''@'localhost' (using password: NO)
CRITICAL - 2021-06-23 22:15:04 --> Unable to connect to the database.
Main connection [MySQLi]: Access denied for user ''@'localhost' (using password: NO)
#0 C:\xampp-php74\htdocs\omorfia\system\Database\BaseConnection.php(625): CodeIgniter\Database\BaseConnection->initialize()
#1 C:\xampp-php74\htdocs\omorfia\system\Database\BaseBuilder.php(1881): CodeIgniter\Database\BaseConnection->query('SELECT *\nFROM `...', Array, false)
#2 C:\xampp-php74\htdocs\omorfia\app\Models\MenuModel.php(13): CodeIgniter\Database\BaseBuilder->get()
#3 C:\xampp-php74\htdocs\omorfia\app\Controllers\Cliente.php(13): App\Models\MenuModel->listarMenus()
#4 C:\xampp-php74\htdocs\omorfia\system\CodeIgniter.php(928): App\Controllers\Cliente->index()
#5 C:\xampp-php74\htdocs\omorfia\system\CodeIgniter.php(436): CodeIgniter\CodeIgniter->runController(Object(App\Controllers\Cliente))
#6 C:\xampp-php74\htdocs\omorfia\system\CodeIgniter.php(336): CodeIgniter\CodeIgniter->handleRequest(NULL, Object(Config\Cache), false)
#7 C:\xampp-php74\htdocs\omorfia\index.php(37): CodeIgniter\CodeIgniter->run()
#8 {main}
ERROR - 2021-06-23 22:21:10 --> Error connecting to the database: Access denied for user ''@'localhost' (using password: NO)
CRITICAL - 2021-06-23 22:21:10 --> Unable to connect to the database.
Main connection [MySQLi]: Access denied for user ''@'localhost' (using password: NO)
#0 C:\xampp-php74\htdocs\omorfia\system\Database\BaseConnection.php(625): CodeIgniter\Database\BaseConnection->initialize()
#1 C:\xampp-php74\htdocs\omorfia\system\Database\BaseBuilder.php(1881): CodeIgniter\Database\BaseConnection->query('SELECT *\nFROM `...', Array, false)
#2 C:\xampp-php74\htdocs\omorfia\app\Models\MenuModel.php(12): CodeIgniter\Database\BaseBuilder->get()
#3 C:\xampp-php74\htdocs\omorfia\app\Controllers\Cliente.php(13): App\Models\MenuModel->listarMenus()
#4 C:\xampp-php74\htdocs\omorfia\system\CodeIgniter.php(928): App\Controllers\Cliente->index()
#5 C:\xampp-php74\htdocs\omorfia\system\CodeIgniter.php(436): CodeIgniter\CodeIgniter->runController(Object(App\Controllers\Cliente))
#6 C:\xampp-php74\htdocs\omorfia\system\CodeIgniter.php(336): CodeIgniter\CodeIgniter->handleRequest(NULL, Object(Config\Cache), false)
#7 C:\xampp-php74\htdocs\omorfia\index.php(37): CodeIgniter\CodeIgniter->run()
#8 {main}
ERROR - 2021-06-23 22:21:11 --> Error connecting to the database: Access denied for user ''@'localhost' (using password: NO)
CRITICAL - 2021-06-23 22:21:11 --> Unable to connect to the database.
Main connection [MySQLi]: Access denied for user ''@'localhost' (using password: NO)
#0 C:\xampp-php74\htdocs\omorfia\system\Database\BaseConnection.php(625): CodeIgniter\Database\BaseConnection->initialize()
#1 C:\xampp-php74\htdocs\omorfia\system\Database\BaseBuilder.php(1881): CodeIgniter\Database\BaseConnection->query('SELECT *\nFROM `...', Array, false)
#2 C:\xampp-php74\htdocs\omorfia\app\Models\MenuModel.php(12): CodeIgniter\Database\BaseBuilder->get()
#3 C:\xampp-php74\htdocs\omorfia\app\Controllers\Cliente.php(13): App\Models\MenuModel->listarMenus()
#4 C:\xampp-php74\htdocs\omorfia\system\CodeIgniter.php(928): App\Controllers\Cliente->index()
#5 C:\xampp-php74\htdocs\omorfia\system\CodeIgniter.php(436): CodeIgniter\CodeIgniter->runController(Object(App\Controllers\Cliente))
#6 C:\xampp-php74\htdocs\omorfia\system\CodeIgniter.php(336): CodeIgniter\CodeIgniter->handleRequest(NULL, Object(Config\Cache), false)
#7 C:\xampp-php74\htdocs\omorfia\index.php(37): CodeIgniter\CodeIgniter->run()
#8 {main}
ERROR - 2021-06-23 22:26:22 --> Error connecting to the database: Access denied for user ''@'localhost' (using password: NO)
CRITICAL - 2021-06-23 22:26:22 --> Unable to connect to the database.
Main connection [MySQLi]: Access denied for user ''@'localhost' (using password: NO)
#0 C:\xampp-php74\htdocs\omorfia\system\Database\BaseConnection.php(625): CodeIgniter\Database\BaseConnection->initialize()
#1 C:\xampp-php74\htdocs\omorfia\system\Database\BaseBuilder.php(1881): CodeIgniter\Database\BaseConnection->query('SELECT *\nFROM `...', Array, false)
#2 C:\xampp-php74\htdocs\omorfia\app\Models\MenuModel.php(15): CodeIgniter\Database\BaseBuilder->get()
#3 C:\xampp-php74\htdocs\omorfia\app\Controllers\Cliente.php(12): App\Models\MenuModel->listarMenus()
#4 C:\xampp-php74\htdocs\omorfia\system\CodeIgniter.php(928): App\Controllers\Cliente->index()
#5 C:\xampp-php74\htdocs\omorfia\system\CodeIgniter.php(436): CodeIgniter\CodeIgniter->runController(Object(App\Controllers\Cliente))
#6 C:\xampp-php74\htdocs\omorfia\system\CodeIgniter.php(336): CodeIgniter\CodeIgniter->handleRequest(NULL, Object(Config\Cache), false)
#7 C:\xampp-php74\htdocs\omorfia\index.php(37): CodeIgniter\CodeIgniter->run()
#8 {main}
ERROR - 2021-06-23 22:27:21 --> Error connecting to the database: Access denied for user ''@'localhost' (using password: NO)
CRITICAL - 2021-06-23 22:27:21 --> Unable to connect to the database.
Main connection [MySQLi]: Access denied for user ''@'localhost' (using password: NO)
#0 C:\xampp-php74\htdocs\omorfia\system\Database\BaseConnection.php(625): CodeIgniter\Database\BaseConnection->initialize()
#1 C:\xampp-php74\htdocs\omorfia\app\Models\MenuModel.php(14): CodeIgniter\Database\BaseConnection->query('SELECT * FROM m...')
#2 C:\xampp-php74\htdocs\omorfia\app\Controllers\Cliente.php(12): App\Models\MenuModel->listarMenus()
#3 C:\xampp-php74\htdocs\omorfia\system\CodeIgniter.php(928): App\Controllers\Cliente->index()
#4 C:\xampp-php74\htdocs\omorfia\system\CodeIgniter.php(436): CodeIgniter\CodeIgniter->runController(Object(App\Controllers\Cliente))
#5 C:\xampp-php74\htdocs\omorfia\system\CodeIgniter.php(336): CodeIgniter\CodeIgniter->handleRequest(NULL, Object(Config\Cache), false)
#6 C:\xampp-php74\htdocs\omorfia\index.php(37): CodeIgniter\CodeIgniter->run()
#7 {main}
ERROR - 2021-06-23 22:27:22 --> Error connecting to the database: Access denied for user ''@'localhost' (using password: NO)
CRITICAL - 2021-06-23 22:27:22 --> Unable to connect to the database.
Main connection [MySQLi]: Access denied for user ''@'localhost' (using password: NO)
#0 C:\xampp-php74\htdocs\omorfia\system\Database\BaseConnection.php(625): CodeIgniter\Database\BaseConnection->initialize()
#1 C:\xampp-php74\htdocs\omorfia\app\Models\MenuModel.php(14): CodeIgniter\Database\BaseConnection->query('SELECT * FROM m...')
#2 C:\xampp-php74\htdocs\omorfia\app\Controllers\Cliente.php(12): App\Models\MenuModel->listarMenus()
#3 C:\xampp-php74\htdocs\omorfia\system\CodeIgniter.php(928): App\Controllers\Cliente->index()
#4 C:\xampp-php74\htdocs\omorfia\system\CodeIgniter.php(436): CodeIgniter\CodeIgniter->runController(Object(App\Controllers\Cliente))
#5 C:\xampp-php74\htdocs\omorfia\system\CodeIgniter.php(336): CodeIgniter\CodeIgniter->handleRequest(NULL, Object(Config\Cache), false)
#6 C:\xampp-php74\htdocs\omorfia\index.php(37): CodeIgniter\CodeIgniter->run()
#7 {main}
CRITICAL - 2021-06-23 22:27:55 --> Call to a member function query() on null
#0 C:\xampp-php74\htdocs\omorfia\app\Controllers\Cliente.php(13): App\Models\MenuModel->listarMenus()
#1 C:\xampp-php74\htdocs\omorfia\system\CodeIgniter.php(928): App\Controllers\Cliente->index()
#2 C:\xampp-php74\htdocs\omorfia\system\CodeIgniter.php(436): CodeIgniter\CodeIgniter->runController(Object(App\Controllers\Cliente))
#3 C:\xampp-php74\htdocs\omorfia\system\CodeIgniter.php(336): CodeIgniter\CodeIgniter->handleRequest(NULL, Object(Config\Cache), false)
#4 C:\xampp-php74\htdocs\omorfia\index.php(37): CodeIgniter\CodeIgniter->run()
#5 {main}
CRITICAL - 2021-06-23 22:27:56 --> Call to a member function query() on null
#0 C:\xampp-php74\htdocs\omorfia\app\Controllers\Cliente.php(13): App\Models\MenuModel->listarMenus()
#1 C:\xampp-php74\htdocs\omorfia\system\CodeIgniter.php(928): App\Controllers\Cliente->index()
#2 C:\xampp-php74\htdocs\omorfia\system\CodeIgniter.php(436): CodeIgniter\CodeIgniter->runController(Object(App\Controllers\Cliente))
#3 C:\xampp-php74\htdocs\omorfia\system\CodeIgniter.php(336): CodeIgniter\CodeIgniter->handleRequest(NULL, Object(Config\Cache), false)
#4 C:\xampp-php74\htdocs\omorfia\index.php(37): CodeIgniter\CodeIgniter->run()
#5 {main}
ERROR - 2021-06-23 22:28:12 --> Error connecting to the database: Access denied for user ''@'localhost' (using password: NO)
CRITICAL - 2021-06-23 22:28:12 --> Unable to connect to the database.
Main connection [MySQLi]: Access denied for user ''@'localhost' (using password: NO)
#0 C:\xampp-php74\htdocs\omorfia\system\Database\BaseConnection.php(625): CodeIgniter\Database\BaseConnection->initialize()
#1 C:\xampp-php74\htdocs\omorfia\app\Models\MenuModel.php(14): CodeIgniter\Database\BaseConnection->query('SELECT * FROM m...')
#2 C:\xampp-php74\htdocs\omorfia\app\Controllers\Cliente.php(13): App\Models\MenuModel->listarMenus()
#3 C:\xampp-php74\htdocs\omorfia\system\CodeIgniter.php(928): App\Controllers\Cliente->index()
#4 C:\xampp-php74\htdocs\omorfia\system\CodeIgniter.php(436): CodeIgniter\CodeIgniter->runController(Object(App\Controllers\Cliente))
#5 C:\xampp-php74\htdocs\omorfia\system\CodeIgniter.php(336): CodeIgniter\CodeIgniter->handleRequest(NULL, Object(Config\Cache), false)
#6 C:\xampp-php74\htdocs\omorfia\index.php(37): CodeIgniter\CodeIgniter->run()
#7 {main}
ERROR - 2021-06-23 22:28:39 --> Error connecting to the database: Access denied for user ''@'localhost' (using password: NO)
CRITICAL - 2021-06-23 22:28:39 --> Unable to connect to the database.
Main connection [MySQLi]: Access denied for user ''@'localhost' (using password: NO)
#0 C:\xampp-php74\htdocs\omorfia\system\Database\BaseConnection.php(625): CodeIgniter\Database\BaseConnection->initialize()
#1 C:\xampp-php74\htdocs\omorfia\app\Models\MenuModel.php(14): CodeIgniter\Database\BaseConnection->query('SELECT * FROM m...')
#2 C:\xampp-php74\htdocs\omorfia\app\Controllers\Cliente.php(13): App\Models\MenuModel->listarMenus()
#3 C:\xampp-php74\htdocs\omorfia\system\CodeIgniter.php(928): App\Controllers\Cliente->index()
#4 C:\xampp-php74\htdocs\omorfia\system\CodeIgniter.php(436): CodeIgniter\CodeIgniter->runController(Object(App\Controllers\Cliente))
#5 C:\xampp-php74\htdocs\omorfia\system\CodeIgniter.php(336): CodeIgniter\CodeIgniter->handleRequest(NULL, Object(Config\Cache), false)
#6 C:\xampp-php74\htdocs\omorfia\index.php(37): CodeIgniter\CodeIgniter->run()
#7 {main}
ERROR - 2021-06-23 22:28:40 --> Error connecting to the database: Access denied for user ''@'localhost' (using password: NO)
CRITICAL - 2021-06-23 22:28:40 --> Unable to connect to the database.
Main connection [MySQLi]: Access denied for user ''@'localhost' (using password: NO)
#0 C:\xampp-php74\htdocs\omorfia\system\Database\BaseConnection.php(625): CodeIgniter\Database\BaseConnection->initialize()
#1 C:\xampp-php74\htdocs\omorfia\app\Models\MenuModel.php(14): CodeIgniter\Database\BaseConnection->query('SELECT * FROM m...')
#2 C:\xampp-php74\htdocs\omorfia\app\Controllers\Cliente.php(13): App\Models\MenuModel->listarMenus()
#3 C:\xampp-php74\htdocs\omorfia\system\CodeIgniter.php(928): App\Controllers\Cliente->index()
#4 C:\xampp-php74\htdocs\omorfia\system\CodeIgniter.php(436): CodeIgniter\CodeIgniter->runController(Object(App\Controllers\Cliente))
#5 C:\xampp-php74\htdocs\omorfia\system\CodeIgniter.php(336): CodeIgniter\CodeIgniter->handleRequest(NULL, Object(Config\Cache), false)
#6 C:\xampp-php74\htdocs\omorfia\index.php(37): CodeIgniter\CodeIgniter->run()
#7 {main}
ERROR - 2021-06-23 22:29:21 --> Error connecting to the database: Access denied for user ''@'localhost' (using password: NO)
CRITICAL - 2021-06-23 22:29:21 --> Unable to connect to the database.
Main connection [MySQLi]: Access denied for user ''@'localhost' (using password: NO)
#0 C:\xampp-php74\htdocs\omorfia\system\Database\BaseConnection.php(625): CodeIgniter\Database\BaseConnection->initialize()
#1 C:\xampp-php74\htdocs\omorfia\app\Models\MenuModel.php(14): CodeIgniter\Database\BaseConnection->query('SELECT * FROM m...')
#2 C:\xampp-php74\htdocs\omorfia\app\Controllers\Cliente.php(13): App\Models\MenuModel->listarMenus()
#3 C:\xampp-php74\htdocs\omorfia\system\CodeIgniter.php(928): App\Controllers\Cliente->index()
#4 C:\xampp-php74\htdocs\omorfia\system\CodeIgniter.php(436): CodeIgniter\CodeIgniter->runController(Object(App\Controllers\Cliente))
#5 C:\xampp-php74\htdocs\omorfia\system\CodeIgniter.php(336): CodeIgniter\CodeIgniter->handleRequest(NULL, Object(Config\Cache), false)
#6 C:\xampp-php74\htdocs\omorfia\index.php(37): CodeIgniter\CodeIgniter->run()
#7 {main}
ERROR - 2021-06-23 22:29:22 --> Error connecting to the database: Access denied for user ''@'localhost' (using password: NO)
CRITICAL - 2021-06-23 22:29:22 --> Unable to connect to the database.
Main connection [MySQLi]: Access denied for user ''@'localhost' (using password: NO)
#0 C:\xampp-php74\htdocs\omorfia\system\Database\BaseConnection.php(625): CodeIgniter\Database\BaseConnection->initialize()
#1 C:\xampp-php74\htdocs\omorfia\app\Models\MenuModel.php(14): CodeIgniter\Database\BaseConnection->query('SELECT * FROM m...')
#2 C:\xampp-php74\htdocs\omorfia\app\Controllers\Cliente.php(13): App\Models\MenuModel->listarMenus()
#3 C:\xampp-php74\htdocs\omorfia\system\CodeIgniter.php(928): App\Controllers\Cliente->index()
#4 C:\xampp-php74\htdocs\omorfia\system\CodeIgniter.php(436): CodeIgniter\CodeIgniter->runController(Object(App\Controllers\Cliente))
#5 C:\xampp-php74\htdocs\omorfia\system\CodeIgniter.php(336): CodeIgniter\CodeIgniter->handleRequest(NULL, Object(Config\Cache), false)
#6 C:\xampp-php74\htdocs\omorfia\index.php(37): CodeIgniter\CodeIgniter->run()
#7 {main}
ERROR - 2021-06-23 22:29:32 --> Error connecting to the database: Access denied for user ''@'localhost' (using password: NO)
CRITICAL - 2021-06-23 22:29:32 --> Unable to connect to the database.
Main connection [MySQLi]: Access denied for user ''@'localhost' (using password: NO)
#0 C:\xampp-php74\htdocs\omorfia\system\Database\BaseConnection.php(625): CodeIgniter\Database\BaseConnection->initialize()
#1 C:\xampp-php74\htdocs\omorfia\app\Models\MenuModel.php(14): CodeIgniter\Database\BaseConnection->query('SELECT * FROM m...')
#2 C:\xampp-php74\htdocs\omorfia\app\Controllers\Cliente.php(13): App\Models\MenuModel->listarMenus()
#3 C:\xampp-php74\htdocs\omorfia\system\CodeIgniter.php(928): App\Controllers\Cliente->index()
#4 C:\xampp-php74\htdocs\omorfia\system\CodeIgniter.php(436): CodeIgniter\CodeIgniter->runController(Object(App\Controllers\Cliente))
#5 C:\xampp-php74\htdocs\omorfia\system\CodeIgniter.php(336): CodeIgniter\CodeIgniter->handleRequest(NULL, Object(Config\Cache), false)
#6 C:\xampp-php74\htdocs\omorfia\index.php(37): CodeIgniter\CodeIgniter->run()
#7 {main}
ERROR - 2021-06-23 22:29:33 --> Error connecting to the database: Access denied for user ''@'localhost' (using password: NO)
CRITICAL - 2021-06-23 22:29:33 --> Unable to connect to the database.
Main connection [MySQLi]: Access denied for user ''@'localhost' (using password: NO)
#0 C:\xampp-php74\htdocs\omorfia\system\Database\BaseConnection.php(625): CodeIgniter\Database\BaseConnection->initialize()
#1 C:\xampp-php74\htdocs\omorfia\app\Models\MenuModel.php(14): CodeIgniter\Database\BaseConnection->query('SELECT * FROM m...')
#2 C:\xampp-php74\htdocs\omorfia\app\Controllers\Cliente.php(13): App\Models\MenuModel->listarMenus()
#3 C:\xampp-php74\htdocs\omorfia\system\CodeIgniter.php(928): App\Controllers\Cliente->index()
#4 C:\xampp-php74\htdocs\omorfia\system\CodeIgniter.php(436): CodeIgniter\CodeIgniter->runController(Object(App\Controllers\Cliente))
#5 C:\xampp-php74\htdocs\omorfia\system\CodeIgniter.php(336): CodeIgniter\CodeIgniter->handleRequest(NULL, Object(Config\Cache), false)
#6 C:\xampp-php74\htdocs\omorfia\index.php(37): CodeIgniter\CodeIgniter->run()
#7 {main}
CRITICAL - 2021-06-23 22:35:29 --> Too few arguments to function App\Models\MenuModel::__construct(), 0 passed in C:\xampp-php74\htdocs\omorfia\app\Controllers\Cliente.php on line 12 and exactly 1 expected
#0 C:\xampp-php74\htdocs\omorfia\app\Controllers\Cliente.php(12): App\Models\MenuModel->__construct()
#1 C:\xampp-php74\htdocs\omorfia\system\CodeIgniter.php(928): App\Controllers\Cliente->index()
#2 C:\xampp-php74\htdocs\omorfia\system\CodeIgniter.php(436): CodeIgniter\CodeIgniter->runController(Object(App\Controllers\Cliente))
#3 C:\xampp-php74\htdocs\omorfia\system\CodeIgniter.php(336): CodeIgniter\CodeIgniter->handleRequest(NULL, Object(Config\Cache), false)
#4 C:\xampp-php74\htdocs\omorfia\index.php(37): CodeIgniter\CodeIgniter->run()
#5 {main}
CRITICAL - 2021-06-23 22:35:30 --> Too few arguments to function App\Models\MenuModel::__construct(), 0 passed in C:\xampp-php74\htdocs\omorfia\app\Controllers\Cliente.php on line 12 and exactly 1 expected
#0 C:\xampp-php74\htdocs\omorfia\app\Controllers\Cliente.php(12): App\Models\MenuModel->__construct()
#1 C:\xampp-php74\htdocs\omorfia\system\CodeIgniter.php(928): App\Controllers\Cliente->index()
#2 C:\xampp-php74\htdocs\omorfia\system\CodeIgniter.php(436): CodeIgniter\CodeIgniter->runController(Object(App\Controllers\Cliente))
#3 C:\xampp-php74\htdocs\omorfia\system\CodeIgniter.php(336): CodeIgniter\CodeIgniter->handleRequest(NULL, Object(Config\Cache), false)
#4 C:\xampp-php74\htdocs\omorfia\index.php(37): CodeIgniter\CodeIgniter->run()
#5 {main}
ERROR - 2021-06-23 22:38:32 --> Error connecting to the database: Access denied for user ''@'localhost' (using password: NO)
CRITICAL - 2021-06-23 22:38:32 --> Unable to connect to the database.
Main connection [MySQLi]: Access denied for user ''@'localhost' (using password: NO)
#0 C:\xampp-php74\htdocs\omorfia\system\Database\BaseConnection.php(625): CodeIgniter\Database\BaseConnection->initialize()
#1 C:\xampp-php74\htdocs\omorfia\system\Database\BaseBuilder.php(1881): CodeIgniter\Database\BaseConnection->query('SELECT *\nFROM `...', Array, false)
#2 C:\xampp-php74\htdocs\omorfia\app\Models\MenuModel.php(21): CodeIgniter\Database\BaseBuilder->get()
#3 C:\xampp-php74\htdocs\omorfia\app\Controllers\Cliente.php(13): App\Models\MenuModel->getMenus()
#4 C:\xampp-php74\htdocs\omorfia\system\CodeIgniter.php(928): App\Controllers\Cliente->index()
#5 C:\xampp-php74\htdocs\omorfia\system\CodeIgniter.php(436): CodeIgniter\CodeIgniter->runController(Object(App\Controllers\Cliente))
#6 C:\xampp-php74\htdocs\omorfia\system\CodeIgniter.php(336): CodeIgniter\CodeIgniter->handleRequest(NULL, Object(Config\Cache), false)
#7 C:\xampp-php74\htdocs\omorfia\index.php(37): CodeIgniter\CodeIgniter->run()
#8 {main}
ERROR - 2021-06-23 22:41:24 --> Error connecting to the database: Access denied for user ''@'localhost' (using password: NO)
CRITICAL - 2021-06-23 22:41:24 --> Unable to connect to the database.
Main connection [MySQLi]: Access denied for user ''@'localhost' (using password: NO)
#0 C:\xampp-php74\htdocs\omorfia\system\Database\BaseConnection.php(625): CodeIgniter\Database\BaseConnection->initialize()
#1 C:\xampp-php74\htdocs\omorfia\system\Database\BaseBuilder.php(1881): CodeIgniter\Database\BaseConnection->query('SELECT *\nFROM `...', Array, false)
#2 C:\xampp-php74\htdocs\omorfia\app\Models\MenuModel.php(21): CodeIgniter\Database\BaseBuilder->get()
#3 C:\xampp-php74\htdocs\omorfia\app\Controllers\Cliente.php(13): App\Models\MenuModel->getMenus()
#4 C:\xampp-php74\htdocs\omorfia\system\CodeIgniter.php(928): App\Controllers\Cliente->index()
#5 C:\xampp-php74\htdocs\omorfia\system\CodeIgniter.php(436): CodeIgniter\CodeIgniter->runController(Object(App\Controllers\Cliente))
#6 C:\xampp-php74\htdocs\omorfia\system\CodeIgniter.php(336): CodeIgniter\CodeIgniter->handleRequest(NULL, Object(Config\Cache), false)
#7 C:\xampp-php74\htdocs\omorfia\index.php(37): CodeIgniter\CodeIgniter->run()
#8 {main}
ERROR - 2021-06-23 22:46:17 --> Error connecting to the database: Access denied for user ''@'localhost' (using password: NO)
CRITICAL - 2021-06-23 22:46:17 --> Unable to connect to the database.
Main connection [MySQLi]: Access denied for user ''@'localhost' (using password: NO)
#0 C:\xampp-php74\htdocs\omorfia\system\Database\BaseConnection.php(625): CodeIgniter\Database\BaseConnection->initialize()
#1 C:\xampp-php74\htdocs\omorfia\system\Database\BaseBuilder.php(1881): CodeIgniter\Database\BaseConnection->query('SELECT *\nFROM `...', Array, false)
#2 C:\xampp-php74\htdocs\omorfia\app\Models\MenuModel.php(19): CodeIgniter\Database\BaseBuilder->get()
#3 C:\xampp-php74\htdocs\omorfia\app\Controllers\Cliente.php(15): App\Models\MenuModel->all()
#4 C:\xampp-php74\htdocs\omorfia\system\CodeIgniter.php(928): App\Controllers\Cliente->index()
#5 C:\xampp-php74\htdocs\omorfia\system\CodeIgniter.php(436): CodeIgniter\CodeIgniter->runController(Object(App\Controllers\Cliente))
#6 C:\xampp-php74\htdocs\omorfia\system\CodeIgniter.php(336): CodeIgniter\CodeIgniter->handleRequest(NULL, Object(Config\Cache), false)
#7 C:\xampp-php74\htdocs\omorfia\index.php(37): CodeIgniter\CodeIgniter->run()
#8 {main}
ERROR - 2021-06-23 22:46:18 --> Error connecting to the database: Access denied for user ''@'localhost' (using password: NO)
CRITICAL - 2021-06-23 22:46:18 --> Unable to connect to the database.
Main connection [MySQLi]: Access denied for user ''@'localhost' (using password: NO)
#0 C:\xampp-php74\htdocs\omorfia\system\Database\BaseConnection.php(625): CodeIgniter\Database\BaseConnection->initialize()
#1 C:\xampp-php74\htdocs\omorfia\system\Database\BaseBuilder.php(1881): CodeIgniter\Database\BaseConnection->query('SELECT *\nFROM `...', Array, false)
#2 C:\xampp-php74\htdocs\omorfia\app\Models\MenuModel.php(19): CodeIgniter\Database\BaseBuilder->get()
#3 C:\xampp-php74\htdocs\omorfia\app\Controllers\Cliente.php(15): App\Models\MenuModel->all()
#4 C:\xampp-php74\htdocs\omorfia\system\CodeIgniter.php(928): App\Controllers\Cliente->index()
#5 C:\xampp-php74\htdocs\omorfia\system\CodeIgniter.php(436): CodeIgniter\CodeIgniter->runController(Object(App\Controllers\Cliente))
#6 C:\xampp-php74\htdocs\omorfia\system\CodeIgniter.php(336): CodeIgniter\CodeIgniter->handleRequest(NULL, Object(Config\Cache), false)
#7 C:\xampp-php74\htdocs\omorfia\index.php(37): CodeIgniter\CodeIgniter->run()
#8 {main}
