CRITICAL - 2021-06-27 15:20:25 --> Call to a member function userdata() on null
#0 C:\xampp-php74\htdocs\omorfia\system\View\View.php(230): include()
#1 C:\xampp-php74\htdocs\omorfia\system\View\View.php(232): CodeIgniter\View\View->CodeIgniter\View\{closure}()
#2 C:\xampp-php74\htdocs\omorfia\system\Common.php(1271): CodeIgniter\View\View->render('fragments/heade...', Array, true)
#3 C:\xampp-php74\htdocs\omorfia\app\Controllers\Cliente.php(22): view('fragments/heade...', Array)
#4 C:\xampp-php74\htdocs\omorfia\system\CodeIgniter.php(928): App\Controllers\Cliente->index()
#5 C:\xampp-php74\htdocs\omorfia\system\CodeIgniter.php(436): CodeIgniter\CodeIgniter->runController(Object(App\Controllers\Cliente))
#6 C:\xampp-php74\htdocs\omorfia\system\CodeIgniter.php(336): CodeIgniter\CodeIgniter->handleRequest(NULL, Object(Config\Cache), false)
#7 C:\xampp-php74\htdocs\omorfia\index.php(37): CodeIgniter\CodeIgniter->run()
#8 {main}
CRITICAL - 2021-06-27 15:20:28 --> Call to a member function userdata() on null
#0 C:\xampp-php74\htdocs\omorfia\system\View\View.php(230): include()
#1 C:\xampp-php74\htdocs\omorfia\system\View\View.php(232): CodeIgniter\View\View->CodeIgniter\View\{closure}()
#2 C:\xampp-php74\htdocs\omorfia\system\Common.php(1271): CodeIgniter\View\View->render('fragments/heade...', Array, true)
#3 C:\xampp-php74\htdocs\omorfia\app\Controllers\Cliente.php(22): view('fragments/heade...', Array)
#4 C:\xampp-php74\htdocs\omorfia\system\CodeIgniter.php(928): App\Controllers\Cliente->index()
#5 C:\xampp-php74\htdocs\omorfia\system\CodeIgniter.php(436): CodeIgniter\CodeIgniter->runController(Object(App\Controllers\Cliente))
#6 C:\xampp-php74\htdocs\omorfia\system\CodeIgniter.php(336): CodeIgniter\CodeIgniter->handleRequest(NULL, Object(Config\Cache), false)
#7 C:\xampp-php74\htdocs\omorfia\index.php(37): CodeIgniter\CodeIgniter->run()
#8 {main}
CRITICAL - 2021-06-27 15:26:15 --> Cannot use object of type stdClass as array
#0 C:\xampp-php74\htdocs\omorfia\system\View\View.php(230): include()
#1 C:\xampp-php74\htdocs\omorfia\system\View\View.php(232): CodeIgniter\View\View->CodeIgniter\View\{closure}()
#2 C:\xampp-php74\htdocs\omorfia\system\Common.php(1271): CodeIgniter\View\View->render('fragments/heade...', Array, true)
#3 C:\xampp-php74\htdocs\omorfia\app\Controllers\Cliente.php(22): view('fragments/heade...', Array)
#4 C:\xampp-php74\htdocs\omorfia\system\CodeIgniter.php(928): App\Controllers\Cliente->index()
#5 C:\xampp-php74\htdocs\omorfia\system\CodeIgniter.php(436): CodeIgniter\CodeIgniter->runController(Object(App\Controllers\Cliente))
#6 C:\xampp-php74\htdocs\omorfia\system\CodeIgniter.php(336): CodeIgniter\CodeIgniter->handleRequest(NULL, Object(Config\Cache), false)
#7 C:\xampp-php74\htdocs\omorfia\index.php(37): CodeIgniter\CodeIgniter->run()
#8 {main}
CRITICAL - 2021-06-27 15:26:16 --> Cannot use object of type stdClass as array
#0 C:\xampp-php74\htdocs\omorfia\system\View\View.php(230): include()
#1 C:\xampp-php74\htdocs\omorfia\system\View\View.php(232): CodeIgniter\View\View->CodeIgniter\View\{closure}()
#2 C:\xampp-php74\htdocs\omorfia\system\Common.php(1271): CodeIgniter\View\View->render('fragments/heade...', Array, true)
#3 C:\xampp-php74\htdocs\omorfia\app\Controllers\Cliente.php(22): view('fragments/heade...', Array)
#4 C:\xampp-php74\htdocs\omorfia\system\CodeIgniter.php(928): App\Controllers\Cliente->index()
#5 C:\xampp-php74\htdocs\omorfia\system\CodeIgniter.php(436): CodeIgniter\CodeIgniter->runController(Object(App\Controllers\Cliente))
#6 C:\xampp-php74\htdocs\omorfia\system\CodeIgniter.php(336): CodeIgniter\CodeIgniter->handleRequest(NULL, Object(Config\Cache), false)
#7 C:\xampp-php74\htdocs\omorfia\index.php(37): CodeIgniter\CodeIgniter->run()
#8 {main}
CRITICAL - 2021-06-27 15:28:49 --> Cannot use object of type stdClass as array
#0 C:\xampp-php74\htdocs\omorfia\system\View\View.php(230): include()
#1 C:\xampp-php74\htdocs\omorfia\system\View\View.php(232): CodeIgniter\View\View->CodeIgniter\View\{closure}()
#2 C:\xampp-php74\htdocs\omorfia\system\Common.php(1271): CodeIgniter\View\View->render('fragments/heade...', Array, true)
#3 C:\xampp-php74\htdocs\omorfia\app\Controllers\Cliente.php(22): view('fragments/heade...', Array)
#4 C:\xampp-php74\htdocs\omorfia\system\CodeIgniter.php(928): App\Controllers\Cliente->index()
#5 C:\xampp-php74\htdocs\omorfia\system\CodeIgniter.php(436): CodeIgniter\CodeIgniter->runController(Object(App\Controllers\Cliente))
#6 C:\xampp-php74\htdocs\omorfia\system\CodeIgniter.php(336): CodeIgniter\CodeIgniter->handleRequest(NULL, Object(Config\Cache), false)
#7 C:\xampp-php74\htdocs\omorfia\index.php(37): CodeIgniter\CodeIgniter->run()
#8 {main}
CRITICAL - 2021-06-27 15:28:55 --> Cannot use object of type stdClass as array
#0 C:\xampp-php74\htdocs\omorfia\system\View\View.php(230): include()
#1 C:\xampp-php74\htdocs\omorfia\system\View\View.php(232): CodeIgniter\View\View->CodeIgniter\View\{closure}()
#2 C:\xampp-php74\htdocs\omorfia\system\Common.php(1271): CodeIgniter\View\View->render('fragments/heade...', Array, true)
#3 C:\xampp-php74\htdocs\omorfia\app\Controllers\Cliente.php(22): view('fragments/heade...', Array)
#4 C:\xampp-php74\htdocs\omorfia\system\CodeIgniter.php(928): App\Controllers\Cliente->index()
#5 C:\xampp-php74\htdocs\omorfia\system\CodeIgniter.php(436): CodeIgniter\CodeIgniter->runController(Object(App\Controllers\Cliente))
#6 C:\xampp-php74\htdocs\omorfia\system\CodeIgniter.php(336): CodeIgniter\CodeIgniter->handleRequest(NULL, Object(Config\Cache), false)
#7 C:\xampp-php74\htdocs\omorfia\index.php(37): CodeIgniter\CodeIgniter->run()
#8 {main}
CRITICAL - 2021-06-27 15:29:00 --> Cannot use object of type stdClass as array
#0 C:\xampp-php74\htdocs\omorfia\system\View\View.php(230): include()
#1 C:\xampp-php74\htdocs\omorfia\system\View\View.php(232): CodeIgniter\View\View->CodeIgniter\View\{closure}()
#2 C:\xampp-php74\htdocs\omorfia\system\Common.php(1271): CodeIgniter\View\View->render('fragments/heade...', Array, true)
#3 C:\xampp-php74\htdocs\omorfia\app\Controllers\Cliente.php(22): view('fragments/heade...', Array)
#4 C:\xampp-php74\htdocs\omorfia\system\CodeIgniter.php(928): App\Controllers\Cliente->index()
#5 C:\xampp-php74\htdocs\omorfia\system\CodeIgniter.php(436): CodeIgniter\CodeIgniter->runController(Object(App\Controllers\Cliente))
#6 C:\xampp-php74\htdocs\omorfia\system\CodeIgniter.php(336): CodeIgniter\CodeIgniter->handleRequest(NULL, Object(Config\Cache), false)
#7 C:\xampp-php74\htdocs\omorfia\index.php(37): CodeIgniter\CodeIgniter->run()
#8 {main}
CRITICAL - 2021-06-27 15:29:00 --> Cannot use object of type stdClass as array
#0 C:\xampp-php74\htdocs\omorfia\system\View\View.php(230): include()
#1 C:\xampp-php74\htdocs\omorfia\system\View\View.php(232): CodeIgniter\View\View->CodeIgniter\View\{closure}()
#2 C:\xampp-php74\htdocs\omorfia\system\Common.php(1271): CodeIgniter\View\View->render('fragments/heade...', Array, true)
#3 C:\xampp-php74\htdocs\omorfia\app\Controllers\Cliente.php(22): view('fragments/heade...', Array)
#4 C:\xampp-php74\htdocs\omorfia\system\CodeIgniter.php(928): App\Controllers\Cliente->index()
#5 C:\xampp-php74\htdocs\omorfia\system\CodeIgniter.php(436): CodeIgniter\CodeIgniter->runController(Object(App\Controllers\Cliente))
#6 C:\xampp-php74\htdocs\omorfia\system\CodeIgniter.php(336): CodeIgniter\CodeIgniter->handleRequest(NULL, Object(Config\Cache), false)
#7 C:\xampp-php74\htdocs\omorfia\index.php(37): CodeIgniter\CodeIgniter->run()
#8 {main}
CRITICAL - 2021-06-27 15:29:26 --> Cannot use object of type stdClass as array
#0 C:\xampp-php74\htdocs\omorfia\system\View\View.php(230): include()
#1 C:\xampp-php74\htdocs\omorfia\system\View\View.php(232): CodeIgniter\View\View->CodeIgniter\View\{closure}()
#2 C:\xampp-php74\htdocs\omorfia\system\Common.php(1271): CodeIgniter\View\View->render('fragments/heade...', Array, true)
#3 C:\xampp-php74\htdocs\omorfia\app\Controllers\Cliente.php(22): view('fragments/heade...', Array)
#4 C:\xampp-php74\htdocs\omorfia\system\CodeIgniter.php(928): App\Controllers\Cliente->index()
#5 C:\xampp-php74\htdocs\omorfia\system\CodeIgniter.php(436): CodeIgniter\CodeIgniter->runController(Object(App\Controllers\Cliente))
#6 C:\xampp-php74\htdocs\omorfia\system\CodeIgniter.php(336): CodeIgniter\CodeIgniter->handleRequest(NULL, Object(Config\Cache), false)
#7 C:\xampp-php74\htdocs\omorfia\index.php(37): CodeIgniter\CodeIgniter->run()
#8 {main}
CRITICAL - 2021-06-27 15:35:35 --> Cannot use object of type stdClass as array
#0 C:\xampp-php74\htdocs\omorfia\system\View\View.php(230): include()
#1 C:\xampp-php74\htdocs\omorfia\system\View\View.php(232): CodeIgniter\View\View->CodeIgniter\View\{closure}()
#2 C:\xampp-php74\htdocs\omorfia\system\Common.php(1271): CodeIgniter\View\View->render('fragments/heade...', Array, true)
#3 C:\xampp-php74\htdocs\omorfia\app\Controllers\Cliente.php(22): view('fragments/heade...', Array)
#4 C:\xampp-php74\htdocs\omorfia\system\CodeIgniter.php(928): App\Controllers\Cliente->index()
#5 C:\xampp-php74\htdocs\omorfia\system\CodeIgniter.php(436): CodeIgniter\CodeIgniter->runController(Object(App\Controllers\Cliente))
#6 C:\xampp-php74\htdocs\omorfia\system\CodeIgniter.php(336): CodeIgniter\CodeIgniter->handleRequest(NULL, Object(Config\Cache), false)
#7 C:\xampp-php74\htdocs\omorfia\index.php(37): CodeIgniter\CodeIgniter->run()
#8 {main}
ERROR - 2021-06-27 15:52:37 --> Error connecting to the database: Nenhuma conexão pôde ser feita porque a máquina de destino as recusou ativamente.

CRITICAL - 2021-06-27 15:52:37 --> Unable to connect to the database.
Main connection [MySQLi]: Nenhuma conexão pôde ser feita porque a máquina de destino as recusou ativamente.

#0 C:\xampp-php74\htdocs\omorfia\system\Database\BaseConnection.php(625): CodeIgniter\Database\BaseConnection->initialize()
#1 C:\xampp-php74\htdocs\omorfia\system\Database\BaseBuilder.php(1881): CodeIgniter\Database\BaseConnection->query('SELECT *\nFROM `...', Array, false)
#2 C:\xampp-php74\htdocs\omorfia\app\Models\MenuModel.php(19): CodeIgniter\Database\BaseBuilder->get()
#3 C:\xampp-php74\htdocs\omorfia\app\Controllers\Cliente.php(15): App\Models\MenuModel->all()
#4 C:\xampp-php74\htdocs\omorfia\system\CodeIgniter.php(928): App\Controllers\Cliente->index()
#5 C:\xampp-php74\htdocs\omorfia\system\CodeIgniter.php(436): CodeIgniter\CodeIgniter->runController(Object(App\Controllers\Cliente))
#6 C:\xampp-php74\htdocs\omorfia\system\CodeIgniter.php(336): CodeIgniter\CodeIgniter->handleRequest(NULL, Object(Config\Cache), false)
#7 C:\xampp-php74\htdocs\omorfia\index.php(37): CodeIgniter\CodeIgniter->run()
#8 {main}
ERROR - 2021-06-27 15:54:00 --> Error connecting to the database: Unknown database 'omorfia'
CRITICAL - 2021-06-27 15:54:00 --> Unable to connect to the database.
Main connection [MySQLi]: Unknown database 'omorfia'
#0 C:\xampp-php74\htdocs\omorfia\system\Database\BaseConnection.php(625): CodeIgniter\Database\BaseConnection->initialize()
#1 C:\xampp-php74\htdocs\omorfia\system\Database\BaseBuilder.php(1881): CodeIgniter\Database\BaseConnection->query('SELECT *\nFROM `...', Array, false)
#2 C:\xampp-php74\htdocs\omorfia\app\Models\MenuModel.php(19): CodeIgniter\Database\BaseBuilder->get()
#3 C:\xampp-php74\htdocs\omorfia\app\Controllers\Cliente.php(15): App\Models\MenuModel->all()
#4 C:\xampp-php74\htdocs\omorfia\system\CodeIgniter.php(928): App\Controllers\Cliente->index()
#5 C:\xampp-php74\htdocs\omorfia\system\CodeIgniter.php(436): CodeIgniter\CodeIgniter->runController(Object(App\Controllers\Cliente))
#6 C:\xampp-php74\htdocs\omorfia\system\CodeIgniter.php(336): CodeIgniter\CodeIgniter->handleRequest(NULL, Object(Config\Cache), false)
#7 C:\xampp-php74\htdocs\omorfia\index.php(37): CodeIgniter\CodeIgniter->run()
#8 {main}
ERROR - 2021-06-27 15:54:01 --> Error connecting to the database: Unknown database 'omorfia'
CRITICAL - 2021-06-27 15:54:01 --> Unable to connect to the database.
Main connection [MySQLi]: Unknown database 'omorfia'
#0 C:\xampp-php74\htdocs\omorfia\system\Database\BaseConnection.php(625): CodeIgniter\Database\BaseConnection->initialize()
#1 C:\xampp-php74\htdocs\omorfia\system\Database\BaseBuilder.php(1881): CodeIgniter\Database\BaseConnection->query('SELECT *\nFROM `...', Array, false)
#2 C:\xampp-php74\htdocs\omorfia\app\Models\MenuModel.php(19): CodeIgniter\Database\BaseBuilder->get()
#3 C:\xampp-php74\htdocs\omorfia\app\Controllers\Cliente.php(15): App\Models\MenuModel->all()
#4 C:\xampp-php74\htdocs\omorfia\system\CodeIgniter.php(928): App\Controllers\Cliente->index()
#5 C:\xampp-php74\htdocs\omorfia\system\CodeIgniter.php(436): CodeIgniter\CodeIgniter->runController(Object(App\Controllers\Cliente))
#6 C:\xampp-php74\htdocs\omorfia\system\CodeIgniter.php(336): CodeIgniter\CodeIgniter->handleRequest(NULL, Object(Config\Cache), false)
#7 C:\xampp-php74\htdocs\omorfia\index.php(37): CodeIgniter\CodeIgniter->run()
#8 {main}
ERROR - 2021-06-27 15:54:23 --> Error connecting to the database: Unknown database 'ormorfia'
CRITICAL - 2021-06-27 15:54:23 --> Unable to connect to the database.
Main connection [MySQLi]: Unknown database 'ormorfia'
#0 C:\xampp-php74\htdocs\omorfia\system\Database\BaseConnection.php(625): CodeIgniter\Database\BaseConnection->initialize()
#1 C:\xampp-php74\htdocs\omorfia\system\Database\BaseBuilder.php(1881): CodeIgniter\Database\BaseConnection->query('SELECT *\nFROM `...', Array, false)
#2 C:\xampp-php74\htdocs\omorfia\app\Models\MenuModel.php(19): CodeIgniter\Database\BaseBuilder->get()
#3 C:\xampp-php74\htdocs\omorfia\app\Controllers\Cliente.php(15): App\Models\MenuModel->all()
#4 C:\xampp-php74\htdocs\omorfia\system\CodeIgniter.php(928): App\Controllers\Cliente->index()
#5 C:\xampp-php74\htdocs\omorfia\system\CodeIgniter.php(436): CodeIgniter\CodeIgniter->runController(Object(App\Controllers\Cliente))
#6 C:\xampp-php74\htdocs\omorfia\system\CodeIgniter.php(336): CodeIgniter\CodeIgniter->handleRequest(NULL, Object(Config\Cache), false)
#7 C:\xampp-php74\htdocs\omorfia\index.php(37): CodeIgniter\CodeIgniter->run()
#8 {main}
CRITICAL - 2021-06-27 16:02:38 --> Undefined variable: menus
#0 C:\xampp-php74\htdocs\omorfia\app\Views\fragments\header.php(66): CodeIgniter\Debug\Exceptions->errorHandler(8, 'Undefined varia...', 'C:\\xampp-php74\\...', 66, Array)
#1 C:\xampp-php74\htdocs\omorfia\system\View\View.php(230): include('C:\\xampp-php74\\...')
#2 C:\xampp-php74\htdocs\omorfia\system\View\View.php(232): CodeIgniter\View\View->CodeIgniter\View\{closure}()
#3 C:\xampp-php74\htdocs\omorfia\system\Common.php(1271): CodeIgniter\View\View->render('fragments/heade...', Array, true)
#4 C:\xampp-php74\htdocs\omorfia\app\Controllers\Funcionario.php(9): view('fragments/heade...')
#5 C:\xampp-php74\htdocs\omorfia\system\CodeIgniter.php(928): App\Controllers\Funcionario->index()
#6 C:\xampp-php74\htdocs\omorfia\system\CodeIgniter.php(436): CodeIgniter\CodeIgniter->runController(Object(App\Controllers\Funcionario))
#7 C:\xampp-php74\htdocs\omorfia\system\CodeIgniter.php(336): CodeIgniter\CodeIgniter->handleRequest(NULL, Object(Config\Cache), false)
#8 C:\xampp-php74\htdocs\omorfia\index.php(37): CodeIgniter\CodeIgniter->run()
#9 {main}
ERROR - 2021-06-27 17:27:27 --> Error connecting to the database: Unknown database 'db_omorfia'
CRITICAL - 2021-06-27 17:27:27 --> Unable to connect to the database.
Main connection [MySQLi]: Unknown database 'db_omorfia'
#0 D:\omorfia\system\Database\BaseConnection.php(625): CodeIgniter\Database\BaseConnection->initialize()
#1 D:\omorfia\app\Models\MenuModel.php(19): CodeIgniter\Database\BaseConnection->query('SELECT * FROM m...')
#2 D:\omorfia\app\Controllers\Inicio.php(13): App\Models\MenuModel->all()
#3 D:\omorfia\system\CodeIgniter.php(928): App\Controllers\Inicio->index()
#4 D:\omorfia\system\CodeIgniter.php(436): CodeIgniter\CodeIgniter->runController(Object(App\Controllers\Inicio))
#5 D:\omorfia\system\CodeIgniter.php(336): CodeIgniter\CodeIgniter->handleRequest(NULL, Object(Config\Cache), false)
#6 D:\omorfia\index.php(37): CodeIgniter\CodeIgniter->run()
#7 {main}
CRITICAL - 2021-06-27 17:39:22 --> Class 'App\Controllers\App\Models\loginModel' not found
#0 D:\omorfia\system\Router\Router.php(566): include_once()
#1 D:\omorfia\system\Router\Router.php(169): CodeIgniter\Router\Router->autoRoute('login')
#2 D:\omorfia\system\CodeIgniter.php(809): CodeIgniter\Router\Router->handle('login')
#3 D:\omorfia\system\CodeIgniter.php(389): CodeIgniter\CodeIgniter->tryToRouteIt(Object(CodeIgniter\Router\RouteCollection))
#4 D:\omorfia\system\CodeIgniter.php(336): CodeIgniter\CodeIgniter->handleRequest(NULL, Object(Config\Cache), false)
#5 D:\omorfia\index.php(37): CodeIgniter\CodeIgniter->run()
#6 {main}
CRITICAL - 2021-06-27 17:45:37 --> Undefined property: App\Controllers\Login::$LoginModel
#0 D:\omorfia\app\Controllers\Login.php(19): CodeIgniter\Debug\Exceptions->errorHandler(8, 'Undefined prope...', 'D:\\omorfia\\app\\...', 19, Array)
#1 D:\omorfia\system\CodeIgniter.php(928): App\Controllers\Login->sessao()
#2 D:\omorfia\system\CodeIgniter.php(436): CodeIgniter\CodeIgniter->runController(Object(App\Controllers\Login))
#3 D:\omorfia\system\CodeIgniter.php(336): CodeIgniter\CodeIgniter->handleRequest(NULL, Object(Config\Cache), false)
#4 D:\omorfia\index.php(37): CodeIgniter\CodeIgniter->run()
#5 {main}
CRITICAL - 2021-06-27 17:46:53 --> Undefined property: App\Controllers\Login::$LoginModel
#0 D:\omorfia\app\Controllers\Login.php(19): CodeIgniter\Debug\Exceptions->errorHandler(8, 'Undefined prope...', 'D:\\omorfia\\app\\...', 19, Array)
#1 D:\omorfia\system\CodeIgniter.php(928): App\Controllers\Login->sessao()
#2 D:\omorfia\system\CodeIgniter.php(436): CodeIgniter\CodeIgniter->runController(Object(App\Controllers\Login))
#3 D:\omorfia\system\CodeIgniter.php(336): CodeIgniter\CodeIgniter->handleRequest(NULL, Object(Config\Cache), false)
#4 D:\omorfia\index.php(37): CodeIgniter\CodeIgniter->run()
#5 {main}
CRITICAL - 2021-06-27 17:49:47 --> Undefined property: App\Controllers\Login::$LoginModel
#0 D:\omorfia\app\Controllers\Login.php(18): CodeIgniter\Debug\Exceptions->errorHandler(8, 'Undefined prope...', 'D:\\omorfia\\app\\...', 18, Array)
#1 D:\omorfia\system\CodeIgniter.php(928): App\Controllers\Login->sessao()
#2 D:\omorfia\system\CodeIgniter.php(436): CodeIgniter\CodeIgniter->runController(Object(App\Controllers\Login))
#3 D:\omorfia\system\CodeIgniter.php(336): CodeIgniter\CodeIgniter->handleRequest(NULL, Object(Config\Cache), false)
#4 D:\omorfia\index.php(37): CodeIgniter\CodeIgniter->run()
#5 {main}
CRITICAL - 2021-06-27 17:51:47 --> Undefined property: App\Controllers\Login::$LoginModel
#0 D:\omorfia\app\Controllers\Login.php(18): CodeIgniter\Debug\Exceptions->errorHandler(8, 'Undefined prope...', 'D:\\omorfia\\app\\...', 18, Array)
#1 D:\omorfia\system\CodeIgniter.php(928): App\Controllers\Login->sessao()
#2 D:\omorfia\system\CodeIgniter.php(436): CodeIgniter\CodeIgniter->runController(Object(App\Controllers\Login))
#3 D:\omorfia\system\CodeIgniter.php(336): CodeIgniter\CodeIgniter->handleRequest(NULL, Object(Config\Cache), false)
#4 D:\omorfia\index.php(37): CodeIgniter\CodeIgniter->run()
#5 {main}
CRITICAL - 2021-06-27 17:54:47 --> Undefined property: App\Controllers\Login::$LoginModel
#0 D:\omorfia\app\Controllers\Login.php(18): CodeIgniter\Debug\Exceptions->errorHandler(8, 'Undefined prope...', 'D:\\omorfia\\app\\...', 18, Array)
#1 D:\omorfia\system\CodeIgniter.php(928): App\Controllers\Login->sessao()
#2 D:\omorfia\system\CodeIgniter.php(436): CodeIgniter\CodeIgniter->runController(Object(App\Controllers\Login))
#3 D:\omorfia\system\CodeIgniter.php(336): CodeIgniter\CodeIgniter->handleRequest(NULL, Object(Config\Cache), false)
#4 D:\omorfia\index.php(37): CodeIgniter\CodeIgniter->run()
#5 {main}
CRITICAL - 2021-06-27 17:57:44 --> Undefined property: App\Controllers\Login::$LoginModel
#0 D:\omorfia\app\Controllers\Login.php(18): CodeIgniter\Debug\Exceptions->errorHandler(8, 'Undefined prope...', 'D:\\omorfia\\app\\...', 18, Array)
#1 D:\omorfia\system\CodeIgniter.php(928): App\Controllers\Login->sessao()
#2 D:\omorfia\system\CodeIgniter.php(436): CodeIgniter\CodeIgniter->runController(Object(App\Controllers\Login))
#3 D:\omorfia\system\CodeIgniter.php(336): CodeIgniter\CodeIgniter->handleRequest(NULL, Object(Config\Cache), false)
#4 D:\omorfia\index.php(37): CodeIgniter\CodeIgniter->run()
#5 {main}
CRITICAL - 2021-06-27 17:58:53 --> Cannot call constructor
#0 D:\omorfia\system\CodeIgniter.php(900): App\Controllers\Logout->__construct()
#1 D:\omorfia\system\CodeIgniter.php(426): CodeIgniter\CodeIgniter->createController()
#2 D:\omorfia\system\CodeIgniter.php(336): CodeIgniter\CodeIgniter->handleRequest(NULL, Object(Config\Cache), false)
#3 D:\omorfia\index.php(37): CodeIgniter\CodeIgniter->run()
#4 {main}
CRITICAL - 2021-06-27 17:59:01 --> Undefined property: App\Controllers\Logout::$load
#0 D:\omorfia\app\Controllers\Logout.php(11): CodeIgniter\Debug\Exceptions->errorHandler(8, 'Undefined prope...', 'D:\\omorfia\\app\\...', 11, Array)
#1 D:\omorfia\system\CodeIgniter.php(900): App\Controllers\Logout->__construct()
#2 D:\omorfia\system\CodeIgniter.php(426): CodeIgniter\CodeIgniter->createController()
#3 D:\omorfia\system\CodeIgniter.php(336): CodeIgniter\CodeIgniter->handleRequest(NULL, Object(Config\Cache), false)
#4 D:\omorfia\index.php(37): CodeIgniter\CodeIgniter->run()
#5 {main}
CRITICAL - 2021-06-27 17:59:49 --> Undefined property: App\Controllers\Logout::$load
#0 D:\omorfia\app\Controllers\Logout.php(11): CodeIgniter\Debug\Exceptions->errorHandler(8, 'Undefined prope...', 'D:\\omorfia\\app\\...', 11, Array)
#1 D:\omorfia\system\CodeIgniter.php(900): App\Controllers\Logout->__construct()
#2 D:\omorfia\system\CodeIgniter.php(426): CodeIgniter\CodeIgniter->createController()
#3 D:\omorfia\system\CodeIgniter.php(336): CodeIgniter\CodeIgniter->handleRequest(NULL, Object(Config\Cache), false)
#4 D:\omorfia\index.php(37): CodeIgniter\CodeIgniter->run()
#5 {main}
CRITICAL - 2021-06-27 18:01:03 --> Undefined property: App\Controllers\Logout::$LoginModel
#0 D:\omorfia\app\Controllers\Logout.php(11): CodeIgniter\Debug\Exceptions->errorHandler(8, 'Undefined prope...', 'D:\\omorfia\\app\\...', 11, Array)
#1 D:\omorfia\system\CodeIgniter.php(928): App\Controllers\Logout->index()
#2 D:\omorfia\system\CodeIgniter.php(436): CodeIgniter\CodeIgniter->runController(Object(App\Controllers\Logout))
#3 D:\omorfia\system\CodeIgniter.php(336): CodeIgniter\CodeIgniter->handleRequest(NULL, Object(Config\Cache), false)
#4 D:\omorfia\index.php(37): CodeIgniter\CodeIgniter->run()
#5 {main}
CRITICAL - 2021-06-27 18:01:13 --> Undefined property: App\Controllers\Logout::$LoginModel
#0 D:\omorfia\app\Controllers\Logout.php(11): CodeIgniter\Debug\Exceptions->errorHandler(8, 'Undefined prope...', 'D:\\omorfia\\app\\...', 11, Array)
#1 D:\omorfia\system\CodeIgniter.php(928): App\Controllers\Logout->index()
#2 D:\omorfia\system\CodeIgniter.php(436): CodeIgniter\CodeIgniter->runController(Object(App\Controllers\Logout))
#3 D:\omorfia\system\CodeIgniter.php(336): CodeIgniter\CodeIgniter->handleRequest(NULL, Object(Config\Cache), false)
#4 D:\omorfia\index.php(37): CodeIgniter\CodeIgniter->run()
#5 {main}
CRITICAL - 2021-06-27 18:02:02 --> Undefined property: App\Controllers\Logout::$LoginModel
#0 D:\omorfia\app\Controllers\Logout.php(11): CodeIgniter\Debug\Exceptions->errorHandler(8, 'Undefined prope...', 'D:\\omorfia\\app\\...', 11, Array)
#1 D:\omorfia\system\CodeIgniter.php(928): App\Controllers\Logout->index()
#2 D:\omorfia\system\CodeIgniter.php(436): CodeIgniter\CodeIgniter->runController(Object(App\Controllers\Logout))
#3 D:\omorfia\system\CodeIgniter.php(336): CodeIgniter\CodeIgniter->handleRequest(NULL, Object(Config\Cache), false)
#4 D:\omorfia\index.php(37): CodeIgniter\CodeIgniter->run()
#5 {main}
CRITICAL - 2021-06-27 18:02:42 --> Too few arguments to function App\Models\loginModel::__construct(), 0 passed in D:\omorfia\app\Controllers\Logout.php on line 11 and exactly 1 expected
#0 D:\omorfia\app\Controllers\Logout.php(11): App\Models\loginModel->__construct()
#1 D:\omorfia\system\CodeIgniter.php(928): App\Controllers\Logout->index()
#2 D:\omorfia\system\CodeIgniter.php(436): CodeIgniter\CodeIgniter->runController(Object(App\Controllers\Logout))
#3 D:\omorfia\system\CodeIgniter.php(336): CodeIgniter\CodeIgniter->handleRequest(NULL, Object(Config\Cache), false)
#4 D:\omorfia\index.php(37): CodeIgniter\CodeIgniter->run()
#5 {main}
CRITICAL - 2021-06-27 18:03:53 --> Too few arguments to function App\Models\loginModel::__construct(), 0 passed in D:\omorfia\app\Controllers\Logout.php on line 11 and exactly 1 expected
#0 D:\omorfia\app\Controllers\Logout.php(11): App\Models\loginModel->__construct()
#1 D:\omorfia\system\CodeIgniter.php(928): App\Controllers\Logout->index()
#2 D:\omorfia\system\CodeIgniter.php(436): CodeIgniter\CodeIgniter->runController(Object(App\Controllers\Logout))
#3 D:\omorfia\system\CodeIgniter.php(336): CodeIgniter\CodeIgniter->handleRequest(NULL, Object(Config\Cache), false)
#4 D:\omorfia\index.php(37): CodeIgniter\CodeIgniter->run()
#5 {main}
CRITICAL - 2021-06-27 18:04:13 --> You must set the database table to be used with your query.
#0 D:\omorfia\system\Model.php(602): CodeIgniter\Database\BaseConnection->table(NULL)
#1 D:\omorfia\system\Model.php(761): CodeIgniter\Model->builder()
#2 D:\omorfia\app\Models\LoginModel.php(88): CodeIgniter\Model->__get('session')
#3 D:\omorfia\app\Controllers\Logout.php(13): App\Models\loginModel->logout()
#4 D:\omorfia\system\CodeIgniter.php(928): App\Controllers\Logout->index()
#5 D:\omorfia\system\CodeIgniter.php(436): CodeIgniter\CodeIgniter->runController(Object(App\Controllers\Logout))
#6 D:\omorfia\system\CodeIgniter.php(336): CodeIgniter\CodeIgniter->handleRequest(NULL, Object(Config\Cache), false)
#7 D:\omorfia\index.php(37): CodeIgniter\CodeIgniter->run()
#8 {main}
CRITICAL - 2021-06-27 18:07:27 --> You must set the database table to be used with your query.
#0 D:\omorfia\system\Model.php(602): CodeIgniter\Database\BaseConnection->table(NULL)
#1 D:\omorfia\system\Model.php(761): CodeIgniter\Model->builder()
#2 D:\omorfia\app\Models\LoginModel.php(90): CodeIgniter\Model->__get('session')
#3 D:\omorfia\app\Controllers\Logout.php(13): App\Models\loginModel->logout()
#4 D:\omorfia\system\CodeIgniter.php(928): App\Controllers\Logout->index()
#5 D:\omorfia\system\CodeIgniter.php(436): CodeIgniter\CodeIgniter->runController(Object(App\Controllers\Logout))
#6 D:\omorfia\system\CodeIgniter.php(336): CodeIgniter\CodeIgniter->handleRequest(NULL, Object(Config\Cache), false)
#7 D:\omorfia\index.php(37): CodeIgniter\CodeIgniter->run()
#8 {main}
CRITICAL - 2021-06-27 18:07:28 --> You must set the database table to be used with your query.
#0 D:\omorfia\system\Model.php(602): CodeIgniter\Database\BaseConnection->table(NULL)
#1 D:\omorfia\system\Model.php(761): CodeIgniter\Model->builder()
#2 D:\omorfia\app\Models\LoginModel.php(90): CodeIgniter\Model->__get('session')
#3 D:\omorfia\app\Controllers\Logout.php(13): App\Models\loginModel->logout()
#4 D:\omorfia\system\CodeIgniter.php(928): App\Controllers\Logout->index()
#5 D:\omorfia\system\CodeIgniter.php(436): CodeIgniter\CodeIgniter->runController(Object(App\Controllers\Logout))
#6 D:\omorfia\system\CodeIgniter.php(336): CodeIgniter\CodeIgniter->handleRequest(NULL, Object(Config\Cache), false)
#7 D:\omorfia\index.php(37): CodeIgniter\CodeIgniter->run()
#8 {main}
CRITICAL - 2021-06-27 18:07:34 --> You must set the database table to be used with your query.
#0 D:\omorfia\system\Model.php(602): CodeIgniter\Database\BaseConnection->table(NULL)
#1 D:\omorfia\system\Model.php(761): CodeIgniter\Model->builder()
#2 D:\omorfia\app\Models\LoginModel.php(90): CodeIgniter\Model->__get('session')
#3 D:\omorfia\app\Controllers\Logout.php(13): App\Models\loginModel->logout()
#4 D:\omorfia\system\CodeIgniter.php(928): App\Controllers\Logout->index()
#5 D:\omorfia\system\CodeIgniter.php(436): CodeIgniter\CodeIgniter->runController(Object(App\Controllers\Logout))
#6 D:\omorfia\system\CodeIgniter.php(336): CodeIgniter\CodeIgniter->handleRequest(NULL, Object(Config\Cache), false)
#7 D:\omorfia\index.php(37): CodeIgniter\CodeIgniter->run()
#8 {main}
CRITICAL - 2021-06-27 18:07:45 --> You must set the database table to be used with your query.
#0 D:\omorfia\system\Model.php(602): CodeIgniter\Database\BaseConnection->table(NULL)
#1 D:\omorfia\system\Model.php(761): CodeIgniter\Model->builder()
#2 D:\omorfia\app\Models\LoginModel.php(90): CodeIgniter\Model->__get('session')
#3 D:\omorfia\app\Controllers\Logout.php(13): App\Models\loginModel->logout()
#4 D:\omorfia\system\CodeIgniter.php(928): App\Controllers\Logout->index()
#5 D:\omorfia\system\CodeIgniter.php(436): CodeIgniter\CodeIgniter->runController(Object(App\Controllers\Logout))
#6 D:\omorfia\system\CodeIgniter.php(336): CodeIgniter\CodeIgniter->handleRequest(NULL, Object(Config\Cache), false)
#7 D:\omorfia\index.php(37): CodeIgniter\CodeIgniter->run()
#8 {main}
CRITICAL - 2021-06-27 18:07:47 --> You must set the database table to be used with your query.
#0 D:\omorfia\system\Model.php(602): CodeIgniter\Database\BaseConnection->table(NULL)
#1 D:\omorfia\system\Model.php(761): CodeIgniter\Model->builder()
#2 D:\omorfia\app\Models\LoginModel.php(90): CodeIgniter\Model->__get('session')
#3 D:\omorfia\app\Controllers\Logout.php(13): App\Models\loginModel->logout()
#4 D:\omorfia\system\CodeIgniter.php(928): App\Controllers\Logout->index()
#5 D:\omorfia\system\CodeIgniter.php(436): CodeIgniter\CodeIgniter->runController(Object(App\Controllers\Logout))
#6 D:\omorfia\system\CodeIgniter.php(336): CodeIgniter\CodeIgniter->handleRequest(NULL, Object(Config\Cache), false)
#7 D:\omorfia\index.php(37): CodeIgniter\CodeIgniter->run()
#8 {main}
CRITICAL - 2021-06-27 18:07:53 --> You must set the database table to be used with your query.
#0 D:\omorfia\system\Model.php(602): CodeIgniter\Database\BaseConnection->table(NULL)
#1 D:\omorfia\system\Model.php(761): CodeIgniter\Model->builder()
#2 D:\omorfia\app\Models\LoginModel.php(90): CodeIgniter\Model->__get('session')
#3 D:\omorfia\app\Controllers\Logout.php(13): App\Models\loginModel->logout()
#4 D:\omorfia\system\CodeIgniter.php(928): App\Controllers\Logout->index()
#5 D:\omorfia\system\CodeIgniter.php(436): CodeIgniter\CodeIgniter->runController(Object(App\Controllers\Logout))
#6 D:\omorfia\system\CodeIgniter.php(336): CodeIgniter\CodeIgniter->handleRequest(NULL, Object(Config\Cache), false)
#7 D:\omorfia\index.php(37): CodeIgniter\CodeIgniter->run()
#8 {main}
CRITICAL - 2021-06-27 18:07:53 --> You must set the database table to be used with your query.
#0 D:\omorfia\system\Model.php(602): CodeIgniter\Database\BaseConnection->table(NULL)
#1 D:\omorfia\system\Model.php(761): CodeIgniter\Model->builder()
#2 D:\omorfia\app\Models\LoginModel.php(90): CodeIgniter\Model->__get('session')
#3 D:\omorfia\app\Controllers\Logout.php(13): App\Models\loginModel->logout()
#4 D:\omorfia\system\CodeIgniter.php(928): App\Controllers\Logout->index()
#5 D:\omorfia\system\CodeIgniter.php(436): CodeIgniter\CodeIgniter->runController(Object(App\Controllers\Logout))
#6 D:\omorfia\system\CodeIgniter.php(336): CodeIgniter\CodeIgniter->handleRequest(NULL, Object(Config\Cache), false)
#7 D:\omorfia\index.php(37): CodeIgniter\CodeIgniter->run()
#8 {main}
CRITICAL - 2021-06-27 18:08:31 --> Too few arguments to function App\Models\loginModel::__construct(), 0 passed in D:\omorfia\app\Controllers\Logout.php on line 11 and exactly 1 expected
#0 D:\omorfia\app\Controllers\Logout.php(11): App\Models\loginModel->__construct()
#1 D:\omorfia\system\CodeIgniter.php(928): App\Controllers\Logout->index()
#2 D:\omorfia\system\CodeIgniter.php(436): CodeIgniter\CodeIgniter->runController(Object(App\Controllers\Logout))
#3 D:\omorfia\system\CodeIgniter.php(336): CodeIgniter\CodeIgniter->handleRequest(NULL, Object(Config\Cache), false)
#4 D:\omorfia\index.php(37): CodeIgniter\CodeIgniter->run()
#5 {main}
CRITICAL - 2021-06-27 18:08:54 --> Too few arguments to function App\Models\loginModel::__construct(), 0 passed in D:\omorfia\app\Controllers\Logout.php on line 11 and exactly 1 expected
#0 D:\omorfia\app\Controllers\Logout.php(11): App\Models\loginModel->__construct()
#1 D:\omorfia\system\CodeIgniter.php(928): App\Controllers\Logout->index()
#2 D:\omorfia\system\CodeIgniter.php(436): CodeIgniter\CodeIgniter->runController(Object(App\Controllers\Logout))
#3 D:\omorfia\system\CodeIgniter.php(336): CodeIgniter\CodeIgniter->handleRequest(NULL, Object(Config\Cache), false)
#4 D:\omorfia\index.php(37): CodeIgniter\CodeIgniter->run()
#5 {main}
CRITICAL - 2021-06-27 18:08:56 --> Too few arguments to function App\Models\loginModel::__construct(), 0 passed in D:\omorfia\app\Controllers\Logout.php on line 11 and exactly 1 expected
#0 D:\omorfia\app\Controllers\Logout.php(11): App\Models\loginModel->__construct()
#1 D:\omorfia\system\CodeIgniter.php(928): App\Controllers\Logout->index()
#2 D:\omorfia\system\CodeIgniter.php(436): CodeIgniter\CodeIgniter->runController(Object(App\Controllers\Logout))
#3 D:\omorfia\system\CodeIgniter.php(336): CodeIgniter\CodeIgniter->handleRequest(NULL, Object(Config\Cache), false)
#4 D:\omorfia\index.php(37): CodeIgniter\CodeIgniter->run()
#5 {main}
CRITICAL - 2021-06-27 18:09:13 --> You must set the database table to be used with your query.
#0 D:\omorfia\system\Model.php(602): CodeIgniter\Database\BaseConnection->table(NULL)
#1 D:\omorfia\system\Model.php(761): CodeIgniter\Model->builder()
#2 D:\omorfia\app\Models\LoginModel.php(83): CodeIgniter\Model->__get('session')
#3 D:\omorfia\app\Controllers\Logout.php(12): App\Models\loginModel->logout()
#4 D:\omorfia\system\CodeIgniter.php(928): App\Controllers\Logout->index()
#5 D:\omorfia\system\CodeIgniter.php(436): CodeIgniter\CodeIgniter->runController(Object(App\Controllers\Logout))
#6 D:\omorfia\system\CodeIgniter.php(336): CodeIgniter\CodeIgniter->handleRequest(NULL, Object(Config\Cache), false)
#7 D:\omorfia\index.php(37): CodeIgniter\CodeIgniter->run()
#8 {main}
CRITICAL - 2021-06-27 18:10:12 --> You must set the database table to be used with your query.
#0 D:\omorfia\system\Model.php(602): CodeIgniter\Database\BaseConnection->table(NULL)
#1 D:\omorfia\system\Model.php(761): CodeIgniter\Model->builder()
#2 D:\omorfia\app\Models\LoginModel.php(83): CodeIgniter\Model->__get('session')
#3 D:\omorfia\app\Controllers\Logout.php(12): App\Models\loginModel->logout()
#4 D:\omorfia\system\CodeIgniter.php(928): App\Controllers\Logout->index()
#5 D:\omorfia\system\CodeIgniter.php(436): CodeIgniter\CodeIgniter->runController(Object(App\Controllers\Logout))
#6 D:\omorfia\system\CodeIgniter.php(336): CodeIgniter\CodeIgniter->handleRequest(NULL, Object(Config\Cache), false)
#7 D:\omorfia\index.php(37): CodeIgniter\CodeIgniter->run()
#8 {main}
CRITICAL - 2021-06-27 18:10:13 --> You must set the database table to be used with your query.
#0 D:\omorfia\system\Model.php(602): CodeIgniter\Database\BaseConnection->table(NULL)
#1 D:\omorfia\system\Model.php(761): CodeIgniter\Model->builder()
#2 D:\omorfia\app\Models\LoginModel.php(83): CodeIgniter\Model->__get('session')
#3 D:\omorfia\app\Controllers\Logout.php(12): App\Models\loginModel->logout()
#4 D:\omorfia\system\CodeIgniter.php(928): App\Controllers\Logout->index()
#5 D:\omorfia\system\CodeIgniter.php(436): CodeIgniter\CodeIgniter->runController(Object(App\Controllers\Logout))
#6 D:\omorfia\system\CodeIgniter.php(336): CodeIgniter\CodeIgniter->handleRequest(NULL, Object(Config\Cache), false)
#7 D:\omorfia\index.php(37): CodeIgniter\CodeIgniter->run()
#8 {main}
CRITICAL - 2021-06-27 18:10:54 --> You must set the database table to be used with your query.
#0 D:\omorfia\system\Model.php(602): CodeIgniter\Database\BaseConnection->table(NULL)
#1 D:\omorfia\system\Model.php(761): CodeIgniter\Model->builder()
#2 D:\omorfia\app\Models\LoginModel.php(83): CodeIgniter\Model->__get('session')
#3 D:\omorfia\app\Controllers\Logout.php(12): App\Models\loginModel->logout()
#4 D:\omorfia\system\CodeIgniter.php(928): App\Controllers\Logout->index()
#5 D:\omorfia\system\CodeIgniter.php(436): CodeIgniter\CodeIgniter->runController(Object(App\Controllers\Logout))
#6 D:\omorfia\system\CodeIgniter.php(336): CodeIgniter\CodeIgniter->handleRequest(NULL, Object(Config\Cache), false)
#7 D:\omorfia\index.php(37): CodeIgniter\CodeIgniter->run()
#8 {main}
CRITICAL - 2021-06-27 18:11:24 --> You must set the database table to be used with your query.
#0 D:\omorfia\system\Model.php(602): CodeIgniter\Database\BaseConnection->table(NULL)
#1 D:\omorfia\system\Model.php(761): CodeIgniter\Model->builder()
#2 D:\omorfia\app\Models\LoginModel.php(83): CodeIgniter\Model->__get('session')
#3 D:\omorfia\app\Controllers\Logout.php(12): App\Models\loginModel->logout()
#4 D:\omorfia\system\CodeIgniter.php(928): App\Controllers\Logout->index()
#5 D:\omorfia\system\CodeIgniter.php(436): CodeIgniter\CodeIgniter->runController(Object(App\Controllers\Logout))
#6 D:\omorfia\system\CodeIgniter.php(336): CodeIgniter\CodeIgniter->handleRequest(NULL, Object(Config\Cache), false)
#7 D:\omorfia\index.php(37): CodeIgniter\CodeIgniter->run()
#8 {main}
CRITICAL - 2021-06-27 18:11:31 --> You must set the database table to be used with your query.
#0 D:\omorfia\system\Model.php(602): CodeIgniter\Database\BaseConnection->table(NULL)
#1 D:\omorfia\system\Model.php(761): CodeIgniter\Model->builder()
#2 D:\omorfia\app\Models\LoginModel.php(83): CodeIgniter\Model->__get('session')
#3 D:\omorfia\app\Controllers\Logout.php(12): App\Models\loginModel->logout()
#4 D:\omorfia\system\CodeIgniter.php(928): App\Controllers\Logout->index()
#5 D:\omorfia\system\CodeIgniter.php(436): CodeIgniter\CodeIgniter->runController(Object(App\Controllers\Logout))
#6 D:\omorfia\system\CodeIgniter.php(336): CodeIgniter\CodeIgniter->handleRequest(NULL, Object(Config\Cache), false)
#7 D:\omorfia\index.php(37): CodeIgniter\CodeIgniter->run()
#8 {main}
CRITICAL - 2021-06-27 18:11:59 --> You must set the database table to be used with your query.
#0 D:\omorfia\system\Model.php(602): CodeIgniter\Database\BaseConnection->table(NULL)
#1 D:\omorfia\system\Model.php(761): CodeIgniter\Model->builder()
#2 D:\omorfia\app\Models\LoginModel.php(83): CodeIgniter\Model->__get('session')
#3 D:\omorfia\app\Controllers\Logout.php(12): App\Models\loginModel->logout()
#4 D:\omorfia\system\CodeIgniter.php(928): App\Controllers\Logout->index()
#5 D:\omorfia\system\CodeIgniter.php(436): CodeIgniter\CodeIgniter->runController(Object(App\Controllers\Logout))
#6 D:\omorfia\system\CodeIgniter.php(336): CodeIgniter\CodeIgniter->handleRequest(NULL, Object(Config\Cache), false)
#7 D:\omorfia\index.php(37): CodeIgniter\CodeIgniter->run()
#8 {main}
CRITICAL - 2021-06-27 18:12:00 --> You must set the database table to be used with your query.
#0 D:\omorfia\system\Model.php(602): CodeIgniter\Database\BaseConnection->table(NULL)
#1 D:\omorfia\system\Model.php(761): CodeIgniter\Model->builder()
#2 D:\omorfia\app\Models\LoginModel.php(83): CodeIgniter\Model->__get('session')
#3 D:\omorfia\app\Controllers\Logout.php(12): App\Models\loginModel->logout()
#4 D:\omorfia\system\CodeIgniter.php(928): App\Controllers\Logout->index()
#5 D:\omorfia\system\CodeIgniter.php(436): CodeIgniter\CodeIgniter->runController(Object(App\Controllers\Logout))
#6 D:\omorfia\system\CodeIgniter.php(336): CodeIgniter\CodeIgniter->handleRequest(NULL, Object(Config\Cache), false)
#7 D:\omorfia\index.php(37): CodeIgniter\CodeIgniter->run()
#8 {main}
CRITICAL - 2021-06-27 18:12:07 --> You must set the database table to be used with your query.
#0 D:\omorfia\system\Model.php(602): CodeIgniter\Database\BaseConnection->table(NULL)
#1 D:\omorfia\system\Model.php(761): CodeIgniter\Model->builder()
#2 D:\omorfia\app\Models\LoginModel.php(83): CodeIgniter\Model->__get('session')
#3 D:\omorfia\app\Controllers\Logout.php(12): App\Models\loginModel->logout()
#4 D:\omorfia\system\CodeIgniter.php(928): App\Controllers\Logout->index()
#5 D:\omorfia\system\CodeIgniter.php(436): CodeIgniter\CodeIgniter->runController(Object(App\Controllers\Logout))
#6 D:\omorfia\system\CodeIgniter.php(336): CodeIgniter\CodeIgniter->handleRequest(NULL, Object(Config\Cache), false)
#7 D:\omorfia\index.php(37): CodeIgniter\CodeIgniter->run()
#8 {main}
CRITICAL - 2021-06-27 18:13:00 --> You must set the database table to be used with your query.
#0 D:\omorfia\system\Model.php(602): CodeIgniter\Database\BaseConnection->table(NULL)
#1 D:\omorfia\system\Model.php(761): CodeIgniter\Model->builder()
#2 D:\omorfia\app\Models\LoginModel.php(83): CodeIgniter\Model->__get('session')
#3 D:\omorfia\app\Controllers\Logout.php(12): App\Models\loginModel->logout()
#4 D:\omorfia\system\CodeIgniter.php(928): App\Controllers\Logout->index()
#5 D:\omorfia\system\CodeIgniter.php(436): CodeIgniter\CodeIgniter->runController(Object(App\Controllers\Logout))
#6 D:\omorfia\system\CodeIgniter.php(336): CodeIgniter\CodeIgniter->handleRequest(NULL, Object(Config\Cache), false)
#7 D:\omorfia\index.php(37): CodeIgniter\CodeIgniter->run()
#8 {main}
CRITICAL - 2021-06-27 18:13:16 --> You must set the database table to be used with your query.
#0 D:\omorfia\system\Model.php(602): CodeIgniter\Database\BaseConnection->table(NULL)
#1 D:\omorfia\system\Model.php(761): CodeIgniter\Model->builder()
#2 D:\omorfia\app\Models\LoginModel.php(83): CodeIgniter\Model->__get('session')
#3 D:\omorfia\app\Controllers\Logout.php(12): App\Models\loginModel->logout()
#4 D:\omorfia\system\CodeIgniter.php(928): App\Controllers\Logout->index()
#5 D:\omorfia\system\CodeIgniter.php(436): CodeIgniter\CodeIgniter->runController(Object(App\Controllers\Logout))
#6 D:\omorfia\system\CodeIgniter.php(336): CodeIgniter\CodeIgniter->handleRequest(NULL, Object(Config\Cache), false)
#7 D:\omorfia\index.php(37): CodeIgniter\CodeIgniter->run()
#8 {main}
CRITICAL - 2021-06-27 18:14:56 --> Undefined variable: config
#0 D:\omorfia\app\Controllers\Logout.php(5): CodeIgniter\Debug\Exceptions->errorHandler(8, 'Undefined varia...', 'D:\\omorfia\\app\\...', 5, Array)
#1 D:\omorfia\system\Router\Router.php(566): include_once('D:\\omorfia\\app\\...')
#2 D:\omorfia\system\Router\Router.php(169): CodeIgniter\Router\Router->autoRoute('logout')
#3 D:\omorfia\system\CodeIgniter.php(809): CodeIgniter\Router\Router->handle('logout')
#4 D:\omorfia\system\CodeIgniter.php(389): CodeIgniter\CodeIgniter->tryToRouteIt(Object(CodeIgniter\Router\RouteCollection))
#5 D:\omorfia\system\CodeIgniter.php(336): CodeIgniter\CodeIgniter->handleRequest(NULL, Object(Config\Cache), false)
#6 D:\omorfia\index.php(37): CodeIgniter\CodeIgniter->run()
#7 {main}
CRITICAL - 2021-06-27 18:14:58 --> Undefined variable: config
#0 D:\omorfia\app\Controllers\Logout.php(5): CodeIgniter\Debug\Exceptions->errorHandler(8, 'Undefined varia...', 'D:\\omorfia\\app\\...', 5, Array)
#1 D:\omorfia\system\Router\Router.php(566): include_once('D:\\omorfia\\app\\...')
#2 D:\omorfia\system\Router\Router.php(169): CodeIgniter\Router\Router->autoRoute('logout')
#3 D:\omorfia\system\CodeIgniter.php(809): CodeIgniter\Router\Router->handle('logout')
#4 D:\omorfia\system\CodeIgniter.php(389): CodeIgniter\CodeIgniter->tryToRouteIt(Object(CodeIgniter\Router\RouteCollection))
#5 D:\omorfia\system\CodeIgniter.php(336): CodeIgniter\CodeIgniter->handleRequest(NULL, Object(Config\Cache), false)
#6 D:\omorfia\index.php(37): CodeIgniter\CodeIgniter->run()
#7 {main}
CRITICAL - 2021-06-27 18:14:58 --> Undefined variable: config
#0 D:\omorfia\app\Controllers\Logout.php(5): CodeIgniter\Debug\Exceptions->errorHandler(8, 'Undefined varia...', 'D:\\omorfia\\app\\...', 5, Array)
#1 D:\omorfia\system\Router\Router.php(566): include_once('D:\\omorfia\\app\\...')
#2 D:\omorfia\system\Router\Router.php(169): CodeIgniter\Router\Router->autoRoute('logout')
#3 D:\omorfia\system\CodeIgniter.php(809): CodeIgniter\Router\Router->handle('logout')
#4 D:\omorfia\system\CodeIgniter.php(389): CodeIgniter\CodeIgniter->tryToRouteIt(Object(CodeIgniter\Router\RouteCollection))
#5 D:\omorfia\system\CodeIgniter.php(336): CodeIgniter\CodeIgniter->handleRequest(NULL, Object(Config\Cache), false)
#6 D:\omorfia\index.php(37): CodeIgniter\CodeIgniter->run()
#7 {main}
CRITICAL - 2021-06-27 18:14:59 --> Undefined variable: config
#0 D:\omorfia\app\Controllers\Logout.php(5): CodeIgniter\Debug\Exceptions->errorHandler(8, 'Undefined varia...', 'D:\\omorfia\\app\\...', 5, Array)
#1 D:\omorfia\system\Router\Router.php(566): include_once('D:\\omorfia\\app\\...')
#2 D:\omorfia\system\Router\Router.php(169): CodeIgniter\Router\Router->autoRoute('logout')
#3 D:\omorfia\system\CodeIgniter.php(809): CodeIgniter\Router\Router->handle('logout')
#4 D:\omorfia\system\CodeIgniter.php(389): CodeIgniter\CodeIgniter->tryToRouteIt(Object(CodeIgniter\Router\RouteCollection))
#5 D:\omorfia\system\CodeIgniter.php(336): CodeIgniter\CodeIgniter->handleRequest(NULL, Object(Config\Cache), false)
#6 D:\omorfia\index.php(37): CodeIgniter\CodeIgniter->run()
#7 {main}
CRITICAL - 2021-06-27 18:18:46 --> Undefined variable: config
#0 D:\omorfia\app\Controllers\Logout.php(5): CodeIgniter\Debug\Exceptions->errorHandler(8, 'Undefined varia...', 'D:\\omorfia\\app\\...', 5, Array)
#1 D:\omorfia\system\Router\Router.php(566): include_once('D:\\omorfia\\app\\...')
#2 D:\omorfia\system\Router\Router.php(169): CodeIgniter\Router\Router->autoRoute('logout')
#3 D:\omorfia\system\CodeIgniter.php(809): CodeIgniter\Router\Router->handle('logout')
#4 D:\omorfia\system\CodeIgniter.php(389): CodeIgniter\CodeIgniter->tryToRouteIt(Object(CodeIgniter\Router\RouteCollection))
#5 D:\omorfia\system\CodeIgniter.php(336): CodeIgniter\CodeIgniter->handleRequest(NULL, Object(Config\Cache), false)
#6 D:\omorfia\index.php(37): CodeIgniter\CodeIgniter->run()
#7 {main}
CRITICAL - 2021-06-27 18:18:46 --> Undefined variable: config
#0 D:\omorfia\app\Controllers\Logout.php(5): CodeIgniter\Debug\Exceptions->errorHandler(8, 'Undefined varia...', 'D:\\omorfia\\app\\...', 5, Array)
#1 D:\omorfia\system\Router\Router.php(566): include_once('D:\\omorfia\\app\\...')
#2 D:\omorfia\system\Router\Router.php(169): CodeIgniter\Router\Router->autoRoute('logout')
#3 D:\omorfia\system\CodeIgniter.php(809): CodeIgniter\Router\Router->handle('logout')
#4 D:\omorfia\system\CodeIgniter.php(389): CodeIgniter\CodeIgniter->tryToRouteIt(Object(CodeIgniter\Router\RouteCollection))
#5 D:\omorfia\system\CodeIgniter.php(336): CodeIgniter\CodeIgniter->handleRequest(NULL, Object(Config\Cache), false)
#6 D:\omorfia\index.php(37): CodeIgniter\CodeIgniter->run()
#7 {main}
CRITICAL - 2021-06-27 18:18:47 --> Undefined variable: config
#0 D:\omorfia\app\Controllers\Logout.php(5): CodeIgniter\Debug\Exceptions->errorHandler(8, 'Undefined varia...', 'D:\\omorfia\\app\\...', 5, Array)
#1 D:\omorfia\system\Router\Router.php(566): include_once('D:\\omorfia\\app\\...')
#2 D:\omorfia\system\Router\Router.php(169): CodeIgniter\Router\Router->autoRoute('logout')
#3 D:\omorfia\system\CodeIgniter.php(809): CodeIgniter\Router\Router->handle('logout')
#4 D:\omorfia\system\CodeIgniter.php(389): CodeIgniter\CodeIgniter->tryToRouteIt(Object(CodeIgniter\Router\RouteCollection))
#5 D:\omorfia\system\CodeIgniter.php(336): CodeIgniter\CodeIgniter->handleRequest(NULL, Object(Config\Cache), false)
#6 D:\omorfia\index.php(37): CodeIgniter\CodeIgniter->run()
#7 {main}
CRITICAL - 2021-06-27 18:19:40 --> Undefined variable: config
#0 D:\omorfia\app\Controllers\Logout.php(5): CodeIgniter\Debug\Exceptions->errorHandler(8, 'Undefined varia...', 'D:\\omorfia\\app\\...', 5, Array)
#1 D:\omorfia\system\Router\Router.php(566): include_once('D:\\omorfia\\app\\...')
#2 D:\omorfia\system\Router\Router.php(169): CodeIgniter\Router\Router->autoRoute('logout')
#3 D:\omorfia\system\CodeIgniter.php(809): CodeIgniter\Router\Router->handle('logout')
#4 D:\omorfia\system\CodeIgniter.php(389): CodeIgniter\CodeIgniter->tryToRouteIt(Object(CodeIgniter\Router\RouteCollection))
#5 D:\omorfia\system\CodeIgniter.php(336): CodeIgniter\CodeIgniter->handleRequest(NULL, Object(Config\Cache), false)
#6 D:\omorfia\index.php(37): CodeIgniter\CodeIgniter->run()
#7 {main}
CRITICAL - 2021-06-27 18:19:41 --> Undefined variable: config
#0 D:\omorfia\app\Controllers\Logout.php(5): CodeIgniter\Debug\Exceptions->errorHandler(8, 'Undefined varia...', 'D:\\omorfia\\app\\...', 5, Array)
#1 D:\omorfia\system\Router\Router.php(566): include_once('D:\\omorfia\\app\\...')
#2 D:\omorfia\system\Router\Router.php(169): CodeIgniter\Router\Router->autoRoute('logout')
#3 D:\omorfia\system\CodeIgniter.php(809): CodeIgniter\Router\Router->handle('logout')
#4 D:\omorfia\system\CodeIgniter.php(389): CodeIgniter\CodeIgniter->tryToRouteIt(Object(CodeIgniter\Router\RouteCollection))
#5 D:\omorfia\system\CodeIgniter.php(336): CodeIgniter\CodeIgniter->handleRequest(NULL, Object(Config\Cache), false)
#6 D:\omorfia\index.php(37): CodeIgniter\CodeIgniter->run()
#7 {main}
CRITICAL - 2021-06-27 18:19:53 --> Undefined variable: config
#0 D:\omorfia\app\Controllers\Logout.php(5): CodeIgniter\Debug\Exceptions->errorHandler(8, 'Undefined varia...', 'D:\\omorfia\\app\\...', 5, Array)
#1 D:\omorfia\system\Autoloader\Autoloader.php(300): include_once('D:\\omorfia\\app\\...')
#2 D:\omorfia\system\Autoloader\Autoloader.php(273): CodeIgniter\Autoloader\Autoloader->includeFile('D:\\omorfia\\app\\...')
#3 D:\omorfia\system\Autoloader\Autoloader.php(247): CodeIgniter\Autoloader\Autoloader->loadInNamespace('App\\Controllers...')
#4 [internal function]: CodeIgniter\Autoloader\Autoloader->loadClass('App\\Controllers...')
#5 [internal function]: spl_autoload_call('App\\Controllers...')
#6 D:\omorfia\system\CodeIgniter.php(885): class_exists('\\App\\Controller...', true)
#7 D:\omorfia\system\CodeIgniter.php(421): CodeIgniter\CodeIgniter->startController()
#8 D:\omorfia\system\CodeIgniter.php(336): CodeIgniter\CodeIgniter->handleRequest(NULL, Object(Config\Cache), false)
#9 D:\omorfia\index.php(37): CodeIgniter\CodeIgniter->run()
#10 {main}
CRITICAL - 2021-06-27 18:19:55 --> Undefined variable: config
#0 D:\omorfia\app\Controllers\Logout.php(5): CodeIgniter\Debug\Exceptions->errorHandler(8, 'Undefined varia...', 'D:\\omorfia\\app\\...', 5, Array)
#1 D:\omorfia\system\Autoloader\Autoloader.php(300): include_once('D:\\omorfia\\app\\...')
#2 D:\omorfia\system\Autoloader\Autoloader.php(273): CodeIgniter\Autoloader\Autoloader->includeFile('D:\\omorfia\\app\\...')
#3 D:\omorfia\system\Autoloader\Autoloader.php(247): CodeIgniter\Autoloader\Autoloader->loadInNamespace('App\\Controllers...')
#4 [internal function]: CodeIgniter\Autoloader\Autoloader->loadClass('App\\Controllers...')
#5 [internal function]: spl_autoload_call('App\\Controllers...')
#6 D:\omorfia\system\CodeIgniter.php(885): class_exists('\\App\\Controller...', true)
#7 D:\omorfia\system\CodeIgniter.php(421): CodeIgniter\CodeIgniter->startController()
#8 D:\omorfia\system\CodeIgniter.php(336): CodeIgniter\CodeIgniter->handleRequest(NULL, Object(Config\Cache), false)
#9 D:\omorfia\index.php(37): CodeIgniter\CodeIgniter->run()
#10 {main}
CRITICAL - 2021-06-27 18:19:55 --> Undefined variable: config
#0 D:\omorfia\app\Controllers\Logout.php(5): CodeIgniter\Debug\Exceptions->errorHandler(8, 'Undefined varia...', 'D:\\omorfia\\app\\...', 5, Array)
#1 D:\omorfia\system\Autoloader\Autoloader.php(300): include_once('D:\\omorfia\\app\\...')
#2 D:\omorfia\system\Autoloader\Autoloader.php(273): CodeIgniter\Autoloader\Autoloader->includeFile('D:\\omorfia\\app\\...')
#3 D:\omorfia\system\Autoloader\Autoloader.php(247): CodeIgniter\Autoloader\Autoloader->loadInNamespace('App\\Controllers...')
#4 [internal function]: CodeIgniter\Autoloader\Autoloader->loadClass('App\\Controllers...')
#5 [internal function]: spl_autoload_call('App\\Controllers...')
#6 D:\omorfia\system\CodeIgniter.php(885): class_exists('\\App\\Controller...', true)
#7 D:\omorfia\system\CodeIgniter.php(421): CodeIgniter\CodeIgniter->startController()
#8 D:\omorfia\system\CodeIgniter.php(336): CodeIgniter\CodeIgniter->handleRequest(NULL, Object(Config\Cache), false)
#9 D:\omorfia\index.php(37): CodeIgniter\CodeIgniter->run()
#10 {main}
CRITICAL - 2021-06-27 18:19:56 --> Undefined variable: config
#0 D:\omorfia\app\Controllers\Logout.php(5): CodeIgniter\Debug\Exceptions->errorHandler(8, 'Undefined varia...', 'D:\\omorfia\\app\\...', 5, Array)
#1 D:\omorfia\system\Autoloader\Autoloader.php(300): include_once('D:\\omorfia\\app\\...')
#2 D:\omorfia\system\Autoloader\Autoloader.php(273): CodeIgniter\Autoloader\Autoloader->includeFile('D:\\omorfia\\app\\...')
#3 D:\omorfia\system\Autoloader\Autoloader.php(247): CodeIgniter\Autoloader\Autoloader->loadInNamespace('App\\Controllers...')
#4 [internal function]: CodeIgniter\Autoloader\Autoloader->loadClass('App\\Controllers...')
#5 [internal function]: spl_autoload_call('App\\Controllers...')
#6 D:\omorfia\system\CodeIgniter.php(885): class_exists('\\App\\Controller...', true)
#7 D:\omorfia\system\CodeIgniter.php(421): CodeIgniter\CodeIgniter->startController()
#8 D:\omorfia\system\CodeIgniter.php(336): CodeIgniter\CodeIgniter->handleRequest(NULL, Object(Config\Cache), false)
#9 D:\omorfia\index.php(37): CodeIgniter\CodeIgniter->run()
#10 {main}
CRITICAL - 2021-06-27 18:20:08 --> Undefined variable: config
#0 D:\omorfia\app\Controllers\Logout.php(5): CodeIgniter\Debug\Exceptions->errorHandler(8, 'Undefined varia...', 'D:\\omorfia\\app\\...', 5, Array)
#1 D:\omorfia\system\Autoloader\Autoloader.php(300): include_once('D:\\omorfia\\app\\...')
#2 D:\omorfia\system\Autoloader\Autoloader.php(273): CodeIgniter\Autoloader\Autoloader->includeFile('D:\\omorfia\\app\\...')
#3 D:\omorfia\system\Autoloader\Autoloader.php(247): CodeIgniter\Autoloader\Autoloader->loadInNamespace('App\\Controllers...')
#4 [internal function]: CodeIgniter\Autoloader\Autoloader->loadClass('App\\Controllers...')
#5 [internal function]: spl_autoload_call('App\\Controllers...')
#6 D:\omorfia\system\CodeIgniter.php(885): class_exists('\\App\\Controller...', true)
#7 D:\omorfia\system\CodeIgniter.php(421): CodeIgniter\CodeIgniter->startController()
#8 D:\omorfia\system\CodeIgniter.php(336): CodeIgniter\CodeIgniter->handleRequest(NULL, Object(Config\Cache), false)
#9 D:\omorfia\index.php(37): CodeIgniter\CodeIgniter->run()
#10 {main}
CRITICAL - 2021-06-27 18:20:36 --> Class 'App\Controllers\Config\Services' not found
#0 D:\omorfia\system\Router\Router.php(566): include_once()
#1 D:\omorfia\system\Router\Router.php(169): CodeIgniter\Router\Router->autoRoute('logout')
#2 D:\omorfia\system\CodeIgniter.php(809): CodeIgniter\Router\Router->handle('logout')
#3 D:\omorfia\system\CodeIgniter.php(389): CodeIgniter\CodeIgniter->tryToRouteIt(Object(CodeIgniter\Router\RouteCollection))
#4 D:\omorfia\system\CodeIgniter.php(336): CodeIgniter\CodeIgniter->handleRequest(NULL, Object(Config\Cache), false)
#5 D:\omorfia\index.php(37): CodeIgniter\CodeIgniter->run()
#6 {main}
CRITICAL - 2021-06-27 18:22:21 --> Undefined property: App\Controllers\Logout::$session
#0 D:\omorfia\app\Controllers\Logout.php(9): CodeIgniter\Debug\Exceptions->errorHandler(8, 'Undefined prope...', 'D:\\omorfia\\app\\...', 9, Array)
#1 D:\omorfia\system\CodeIgniter.php(928): App\Controllers\Logout->index()
#2 D:\omorfia\system\CodeIgniter.php(436): CodeIgniter\CodeIgniter->runController(Object(App\Controllers\Logout))
#3 D:\omorfia\system\CodeIgniter.php(336): CodeIgniter\CodeIgniter->handleRequest(NULL, Object(Config\Cache), false)
#4 D:\omorfia\index.php(37): CodeIgniter\CodeIgniter->run()
#5 {main}
CRITICAL - 2021-06-27 18:22:22 --> Undefined property: App\Controllers\Logout::$session
#0 D:\omorfia\app\Controllers\Logout.php(9): CodeIgniter\Debug\Exceptions->errorHandler(8, 'Undefined prope...', 'D:\\omorfia\\app\\...', 9, Array)
#1 D:\omorfia\system\CodeIgniter.php(928): App\Controllers\Logout->index()
#2 D:\omorfia\system\CodeIgniter.php(436): CodeIgniter\CodeIgniter->runController(Object(App\Controllers\Logout))
#3 D:\omorfia\system\CodeIgniter.php(336): CodeIgniter\CodeIgniter->handleRequest(NULL, Object(Config\Cache), false)
#4 D:\omorfia\index.php(37): CodeIgniter\CodeIgniter->run()
#5 {main}
CRITICAL - 2021-06-27 18:22:23 --> Undefined property: App\Controllers\Logout::$session
#0 D:\omorfia\app\Controllers\Logout.php(9): CodeIgniter\Debug\Exceptions->errorHandler(8, 'Undefined prope...', 'D:\\omorfia\\app\\...', 9, Array)
#1 D:\omorfia\system\CodeIgniter.php(928): App\Controllers\Logout->index()
#2 D:\omorfia\system\CodeIgniter.php(436): CodeIgniter\CodeIgniter->runController(Object(App\Controllers\Logout))
#3 D:\omorfia\system\CodeIgniter.php(336): CodeIgniter\CodeIgniter->handleRequest(NULL, Object(Config\Cache), false)
#4 D:\omorfia\index.php(37): CodeIgniter\CodeIgniter->run()
#5 {main}
CRITICAL - 2021-06-27 18:22:31 --> Call to undefined method App\Controllers\Logout::session()
#0 D:\omorfia\system\CodeIgniter.php(928): App\Controllers\Logout->index()
#1 D:\omorfia\system\CodeIgniter.php(436): CodeIgniter\CodeIgniter->runController(Object(App\Controllers\Logout))
#2 D:\omorfia\system\CodeIgniter.php(336): CodeIgniter\CodeIgniter->handleRequest(NULL, Object(Config\Cache), false)
#3 D:\omorfia\index.php(37): CodeIgniter\CodeIgniter->run()
#4 {main}
CRITICAL - 2021-06-27 18:22:32 --> Call to undefined method App\Controllers\Logout::session()
#0 D:\omorfia\system\CodeIgniter.php(928): App\Controllers\Logout->index()
#1 D:\omorfia\system\CodeIgniter.php(436): CodeIgniter\CodeIgniter->runController(Object(App\Controllers\Logout))
#2 D:\omorfia\system\CodeIgniter.php(336): CodeIgniter\CodeIgniter->handleRequest(NULL, Object(Config\Cache), false)
#3 D:\omorfia\index.php(37): CodeIgniter\CodeIgniter->run()
#4 {main}
CRITICAL - 2021-06-27 18:22:55 --> Undefined property: App\Controllers\Logout::$session
#0 D:\omorfia\app\Controllers\Logout.php(12): CodeIgniter\Debug\Exceptions->errorHandler(8, 'Undefined prope...', 'D:\\omorfia\\app\\...', 12, Array)
#1 D:\omorfia\system\CodeIgniter.php(928): App\Controllers\Logout->index()
#2 D:\omorfia\system\CodeIgniter.php(436): CodeIgniter\CodeIgniter->runController(Object(App\Controllers\Logout))
#3 D:\omorfia\system\CodeIgniter.php(336): CodeIgniter\CodeIgniter->handleRequest(NULL, Object(Config\Cache), false)
#4 D:\omorfia\index.php(37): CodeIgniter\CodeIgniter->run()
#5 {main}
CRITICAL - 2021-06-27 18:22:56 --> Undefined property: App\Controllers\Logout::$session
#0 D:\omorfia\app\Controllers\Logout.php(12): CodeIgniter\Debug\Exceptions->errorHandler(8, 'Undefined prope...', 'D:\\omorfia\\app\\...', 12, Array)
#1 D:\omorfia\system\CodeIgniter.php(928): App\Controllers\Logout->index()
#2 D:\omorfia\system\CodeIgniter.php(436): CodeIgniter\CodeIgniter->runController(Object(App\Controllers\Logout))
#3 D:\omorfia\system\CodeIgniter.php(336): CodeIgniter\CodeIgniter->handleRequest(NULL, Object(Config\Cache), false)
#4 D:\omorfia\index.php(37): CodeIgniter\CodeIgniter->run()
#5 {main}
CRITICAL - 2021-06-27 18:22:56 --> Undefined property: App\Controllers\Logout::$session
#0 D:\omorfia\app\Controllers\Logout.php(12): CodeIgniter\Debug\Exceptions->errorHandler(8, 'Undefined prope...', 'D:\\omorfia\\app\\...', 12, Array)
#1 D:\omorfia\system\CodeIgniter.php(928): App\Controllers\Logout->index()
#2 D:\omorfia\system\CodeIgniter.php(436): CodeIgniter\CodeIgniter->runController(Object(App\Controllers\Logout))
#3 D:\omorfia\system\CodeIgniter.php(336): CodeIgniter\CodeIgniter->handleRequest(NULL, Object(Config\Cache), false)
#4 D:\omorfia\index.php(37): CodeIgniter\CodeIgniter->run()
#5 {main}
CRITICAL - 2021-06-27 18:23:53 --> Undefined variable: session
#0 D:\omorfia\app\Controllers\Logout.php(12): CodeIgniter\Debug\Exceptions->errorHandler(8, 'Undefined varia...', 'D:\\omorfia\\app\\...', 12, Array)
#1 D:\omorfia\system\CodeIgniter.php(928): App\Controllers\Logout->index()
#2 D:\omorfia\system\CodeIgniter.php(436): CodeIgniter\CodeIgniter->runController(Object(App\Controllers\Logout))
#3 D:\omorfia\system\CodeIgniter.php(336): CodeIgniter\CodeIgniter->handleRequest(NULL, Object(Config\Cache), false)
#4 D:\omorfia\index.php(37): CodeIgniter\CodeIgniter->run()
#5 {main}
CRITICAL - 2021-06-27 18:23:54 --> Undefined variable: session
#0 D:\omorfia\app\Controllers\Logout.php(12): CodeIgniter\Debug\Exceptions->errorHandler(8, 'Undefined varia...', 'D:\\omorfia\\app\\...', 12, Array)
#1 D:\omorfia\system\CodeIgniter.php(928): App\Controllers\Logout->index()
#2 D:\omorfia\system\CodeIgniter.php(436): CodeIgniter\CodeIgniter->runController(Object(App\Controllers\Logout))
#3 D:\omorfia\system\CodeIgniter.php(336): CodeIgniter\CodeIgniter->handleRequest(NULL, Object(Config\Cache), false)
#4 D:\omorfia\index.php(37): CodeIgniter\CodeIgniter->run()
#5 {main}
CRITICAL - 2021-06-27 18:23:55 --> Undefined variable: session
#0 D:\omorfia\app\Controllers\Logout.php(12): CodeIgniter\Debug\Exceptions->errorHandler(8, 'Undefined varia...', 'D:\\omorfia\\app\\...', 12, Array)
#1 D:\omorfia\system\CodeIgniter.php(928): App\Controllers\Logout->index()
#2 D:\omorfia\system\CodeIgniter.php(436): CodeIgniter\CodeIgniter->runController(Object(App\Controllers\Logout))
#3 D:\omorfia\system\CodeIgniter.php(336): CodeIgniter\CodeIgniter->handleRequest(NULL, Object(Config\Cache), false)
#4 D:\omorfia\index.php(37): CodeIgniter\CodeIgniter->run()
#5 {main}
CRITICAL - 2021-06-27 18:24:55 --> Undefined variable: session
#0 D:\omorfia\app\Controllers\Logout.php(12): CodeIgniter\Debug\Exceptions->errorHandler(8, 'Undefined varia...', 'D:\\omorfia\\app\\...', 12, Array)
#1 D:\omorfia\system\CodeIgniter.php(928): App\Controllers\Logout->index()
#2 D:\omorfia\system\CodeIgniter.php(436): CodeIgniter\CodeIgniter->runController(Object(App\Controllers\Logout))
#3 D:\omorfia\system\CodeIgniter.php(336): CodeIgniter\CodeIgniter->handleRequest(NULL, Object(Config\Cache), false)
#4 D:\omorfia\index.php(37): CodeIgniter\CodeIgniter->run()
#5 {main}
CRITICAL - 2021-06-27 18:24:57 --> Undefined variable: session
#0 D:\omorfia\app\Controllers\Logout.php(12): CodeIgniter\Debug\Exceptions->errorHandler(8, 'Undefined varia...', 'D:\\omorfia\\app\\...', 12, Array)
#1 D:\omorfia\system\CodeIgniter.php(928): App\Controllers\Logout->index()
#2 D:\omorfia\system\CodeIgniter.php(436): CodeIgniter\CodeIgniter->runController(Object(App\Controllers\Logout))
#3 D:\omorfia\system\CodeIgniter.php(336): CodeIgniter\CodeIgniter->handleRequest(NULL, Object(Config\Cache), false)
#4 D:\omorfia\index.php(37): CodeIgniter\CodeIgniter->run()
#5 {main}
CRITICAL - 2021-06-27 18:24:58 --> Undefined variable: session
#0 D:\omorfia\app\Controllers\Logout.php(12): CodeIgniter\Debug\Exceptions->errorHandler(8, 'Undefined varia...', 'D:\\omorfia\\app\\...', 12, Array)
#1 D:\omorfia\system\CodeIgniter.php(928): App\Controllers\Logout->index()
#2 D:\omorfia\system\CodeIgniter.php(436): CodeIgniter\CodeIgniter->runController(Object(App\Controllers\Logout))
#3 D:\omorfia\system\CodeIgniter.php(336): CodeIgniter\CodeIgniter->handleRequest(NULL, Object(Config\Cache), false)
#4 D:\omorfia\index.php(37): CodeIgniter\CodeIgniter->run()
#5 {main}
CRITICAL - 2021-06-27 18:27:25 --> Undefined property: App\Controllers\Logout::$session
#0 D:\omorfia\app\Controllers\Logout.php(9): CodeIgniter\Debug\Exceptions->errorHandler(8, 'Undefined prope...', 'D:\\omorfia\\app\\...', 9, Array)
#1 D:\omorfia\system\CodeIgniter.php(928): App\Controllers\Logout->index()
#2 D:\omorfia\system\CodeIgniter.php(436): CodeIgniter\CodeIgniter->runController(Object(App\Controllers\Logout))
#3 D:\omorfia\system\CodeIgniter.php(336): CodeIgniter\CodeIgniter->handleRequest(NULL, Object(Config\Cache), false)
#4 D:\omorfia\index.php(37): CodeIgniter\CodeIgniter->run()
#5 {main}
CRITICAL - 2021-06-27 18:27:35 --> Call to undefined method App\Controllers\Logout::session()
#0 D:\omorfia\system\CodeIgniter.php(928): App\Controllers\Logout->index()
#1 D:\omorfia\system\CodeIgniter.php(436): CodeIgniter\CodeIgniter->runController(Object(App\Controllers\Logout))
#2 D:\omorfia\system\CodeIgniter.php(336): CodeIgniter\CodeIgniter->handleRequest(NULL, Object(Config\Cache), false)
#3 D:\omorfia\index.php(37): CodeIgniter\CodeIgniter->run()
#4 {main}
CRITICAL - 2021-06-27 18:27:37 --> Call to undefined method App\Controllers\Logout::session()
#0 D:\omorfia\system\CodeIgniter.php(928): App\Controllers\Logout->index()
#1 D:\omorfia\system\CodeIgniter.php(436): CodeIgniter\CodeIgniter->runController(Object(App\Controllers\Logout))
#2 D:\omorfia\system\CodeIgniter.php(336): CodeIgniter\CodeIgniter->handleRequest(NULL, Object(Config\Cache), false)
#3 D:\omorfia\index.php(37): CodeIgniter\CodeIgniter->run()
#4 {main}
CRITICAL - 2021-06-27 18:27:38 --> Call to undefined method App\Controllers\Logout::session()
#0 D:\omorfia\system\CodeIgniter.php(928): App\Controllers\Logout->index()
#1 D:\omorfia\system\CodeIgniter.php(436): CodeIgniter\CodeIgniter->runController(Object(App\Controllers\Logout))
#2 D:\omorfia\system\CodeIgniter.php(336): CodeIgniter\CodeIgniter->handleRequest(NULL, Object(Config\Cache), false)
#3 D:\omorfia\index.php(37): CodeIgniter\CodeIgniter->run()
#4 {main}
CRITICAL - 2021-06-27 18:27:38 --> Call to undefined method App\Controllers\Logout::session()
#0 D:\omorfia\system\CodeIgniter.php(928): App\Controllers\Logout->index()
#1 D:\omorfia\system\CodeIgniter.php(436): CodeIgniter\CodeIgniter->runController(Object(App\Controllers\Logout))
#2 D:\omorfia\system\CodeIgniter.php(336): CodeIgniter\CodeIgniter->handleRequest(NULL, Object(Config\Cache), false)
#3 D:\omorfia\index.php(37): CodeIgniter\CodeIgniter->run()
#4 {main}
CRITICAL - 2021-06-27 18:27:38 --> Call to undefined method App\Controllers\Logout::session()
#0 D:\omorfia\system\CodeIgniter.php(928): App\Controllers\Logout->index()
#1 D:\omorfia\system\CodeIgniter.php(436): CodeIgniter\CodeIgniter->runController(Object(App\Controllers\Logout))
#2 D:\omorfia\system\CodeIgniter.php(336): CodeIgniter\CodeIgniter->handleRequest(NULL, Object(Config\Cache), false)
#3 D:\omorfia\index.php(37): CodeIgniter\CodeIgniter->run()
#4 {main}
CRITICAL - 2021-06-27 18:27:44 --> Undefined property: App\Controllers\Logout::$session
#0 D:\omorfia\app\Controllers\Logout.php(9): CodeIgniter\Debug\Exceptions->errorHandler(8, 'Undefined prope...', 'D:\\omorfia\\app\\...', 9, Array)
#1 D:\omorfia\system\CodeIgniter.php(928): App\Controllers\Logout->index()
#2 D:\omorfia\system\CodeIgniter.php(436): CodeIgniter\CodeIgniter->runController(Object(App\Controllers\Logout))
#3 D:\omorfia\system\CodeIgniter.php(336): CodeIgniter\CodeIgniter->handleRequest(NULL, Object(Config\Cache), false)
#4 D:\omorfia\index.php(37): CodeIgniter\CodeIgniter->run()
#5 {main}
CRITICAL - 2021-06-27 18:27:46 --> Undefined property: App\Controllers\Logout::$session
#0 D:\omorfia\app\Controllers\Logout.php(9): CodeIgniter\Debug\Exceptions->errorHandler(8, 'Undefined prope...', 'D:\\omorfia\\app\\...', 9, Array)
#1 D:\omorfia\system\CodeIgniter.php(928): App\Controllers\Logout->index()
#2 D:\omorfia\system\CodeIgniter.php(436): CodeIgniter\CodeIgniter->runController(Object(App\Controllers\Logout))
#3 D:\omorfia\system\CodeIgniter.php(336): CodeIgniter\CodeIgniter->handleRequest(NULL, Object(Config\Cache), false)
#4 D:\omorfia\index.php(37): CodeIgniter\CodeIgniter->run()
#5 {main}
CRITICAL - 2021-06-27 18:29:40 --> Undefined variable: session
#0 D:\omorfia\app\Controllers\Logout.php(9): CodeIgniter\Debug\Exceptions->errorHandler(8, 'Undefined varia...', 'D:\\omorfia\\app\\...', 9, Array)
#1 D:\omorfia\system\CodeIgniter.php(928): App\Controllers\Logout->index()
#2 D:\omorfia\system\CodeIgniter.php(436): CodeIgniter\CodeIgniter->runController(Object(App\Controllers\Logout))
#3 D:\omorfia\system\CodeIgniter.php(336): CodeIgniter\CodeIgniter->handleRequest(NULL, Object(Config\Cache), false)
#4 D:\omorfia\index.php(37): CodeIgniter\CodeIgniter->run()
#5 {main}
CRITICAL - 2021-06-27 18:29:41 --> Undefined variable: session
#0 D:\omorfia\app\Controllers\Logout.php(9): CodeIgniter\Debug\Exceptions->errorHandler(8, 'Undefined varia...', 'D:\\omorfia\\app\\...', 9, Array)
#1 D:\omorfia\system\CodeIgniter.php(928): App\Controllers\Logout->index()
#2 D:\omorfia\system\CodeIgniter.php(436): CodeIgniter\CodeIgniter->runController(Object(App\Controllers\Logout))
#3 D:\omorfia\system\CodeIgniter.php(336): CodeIgniter\CodeIgniter->handleRequest(NULL, Object(Config\Cache), false)
#4 D:\omorfia\index.php(37): CodeIgniter\CodeIgniter->run()
#5 {main}
CRITICAL - 2021-06-27 18:29:42 --> Undefined variable: session
#0 D:\omorfia\app\Controllers\Logout.php(9): CodeIgniter\Debug\Exceptions->errorHandler(8, 'Undefined varia...', 'D:\\omorfia\\app\\...', 9, Array)
#1 D:\omorfia\system\CodeIgniter.php(928): App\Controllers\Logout->index()
#2 D:\omorfia\system\CodeIgniter.php(436): CodeIgniter\CodeIgniter->runController(Object(App\Controllers\Logout))
#3 D:\omorfia\system\CodeIgniter.php(336): CodeIgniter\CodeIgniter->handleRequest(NULL, Object(Config\Cache), false)
#4 D:\omorfia\index.php(37): CodeIgniter\CodeIgniter->run()
#5 {main}
CRITICAL - 2021-06-27 18:29:42 --> Undefined variable: session
#0 D:\omorfia\app\Controllers\Logout.php(9): CodeIgniter\Debug\Exceptions->errorHandler(8, 'Undefined varia...', 'D:\\omorfia\\app\\...', 9, Array)
#1 D:\omorfia\system\CodeIgniter.php(928): App\Controllers\Logout->index()
#2 D:\omorfia\system\CodeIgniter.php(436): CodeIgniter\CodeIgniter->runController(Object(App\Controllers\Logout))
#3 D:\omorfia\system\CodeIgniter.php(336): CodeIgniter\CodeIgniter->handleRequest(NULL, Object(Config\Cache), false)
#4 D:\omorfia\index.php(37): CodeIgniter\CodeIgniter->run()
#5 {main}
CRITICAL - 2021-06-27 18:29:47 --> Undefined variable: session
#0 D:\omorfia\app\Controllers\Logout.php(9): CodeIgniter\Debug\Exceptions->errorHandler(8, 'Undefined varia...', 'D:\\omorfia\\app\\...', 9, Array)
#1 D:\omorfia\system\CodeIgniter.php(928): App\Controllers\Logout->index()
#2 D:\omorfia\system\CodeIgniter.php(436): CodeIgniter\CodeIgniter->runController(Object(App\Controllers\Logout))
#3 D:\omorfia\system\CodeIgniter.php(336): CodeIgniter\CodeIgniter->handleRequest(NULL, Object(Config\Cache), false)
#4 D:\omorfia\index.php(37): CodeIgniter\CodeIgniter->run()
#5 {main}
CRITICAL - 2021-06-27 18:30:23 --> Undefined variable: session
#0 D:\omorfia\app\Controllers\Logout.php(9): CodeIgniter\Debug\Exceptions->errorHandler(8, 'Undefined varia...', 'D:\\omorfia\\app\\...', 9, Array)
#1 D:\omorfia\system\CodeIgniter.php(928): App\Controllers\Logout->index()
#2 D:\omorfia\system\CodeIgniter.php(436): CodeIgniter\CodeIgniter->runController(Object(App\Controllers\Logout))
#3 D:\omorfia\system\CodeIgniter.php(336): CodeIgniter\CodeIgniter->handleRequest(NULL, Object(Config\Cache), false)
#4 D:\omorfia\index.php(37): CodeIgniter\CodeIgniter->run()
#5 {main}
CRITICAL - 2021-06-27 18:31:09 --> Call to undefined method CodeIgniter\Session\Session::distroy()
#0 D:\omorfia\system\CodeIgniter.php(928): App\Controllers\Logout->index()
#1 D:\omorfia\system\CodeIgniter.php(436): CodeIgniter\CodeIgniter->runController(Object(App\Controllers\Logout))
#2 D:\omorfia\system\CodeIgniter.php(336): CodeIgniter\CodeIgniter->handleRequest(NULL, Object(Config\Cache), false)
#3 D:\omorfia\index.php(37): CodeIgniter\CodeIgniter->run()
#4 {main}
CRITICAL - 2021-06-27 19:09:54 --> Argument 1 passed to App\Models\loginModel::__construct() must be an instance of CodeIgniter\Database\ConnectionInterface, null given, called in D:\omorfia\app\Controllers\Login.php on line 19
#0 D:\omorfia\app\Controllers\Login.php(19): App\Models\loginModel->__construct(NULL)
#1 D:\omorfia\system\CodeIgniter.php(928): App\Controllers\Login->sessao()
#2 D:\omorfia\system\CodeIgniter.php(436): CodeIgniter\CodeIgniter->runController(Object(App\Controllers\Login))
#3 D:\omorfia\system\CodeIgniter.php(336): CodeIgniter\CodeIgniter->handleRequest(NULL, Object(Config\Cache), false)
#4 D:\omorfia\index.php(37): CodeIgniter\CodeIgniter->run()
#5 {main}
CRITICAL - 2021-06-27 19:15:53 --> Call to undefined method CodeIgniter\Database\MySQLi\Connection::where()
#0 D:\omorfia\app\Controllers\Login.php(20): App\Models\loginModel->login(Array)
#1 D:\omorfia\system\CodeIgniter.php(928): App\Controllers\Login->sessao()
#2 D:\omorfia\system\CodeIgniter.php(436): CodeIgniter\CodeIgniter->runController(Object(App\Controllers\Login))
#3 D:\omorfia\system\CodeIgniter.php(336): CodeIgniter\CodeIgniter->handleRequest(NULL, Object(Config\Cache), false)
#4 D:\omorfia\index.php(37): CodeIgniter\CodeIgniter->run()
#5 {main}
CRITICAL - 2021-06-27 19:18:25 --> Call to undefined method CodeIgniter\Database\MySQLi\Connection::where()
#0 D:\omorfia\app\Controllers\Login.php(20): App\Models\loginModel->login(Array)
#1 D:\omorfia\system\CodeIgniter.php(928): App\Controllers\Login->sessao()
#2 D:\omorfia\system\CodeIgniter.php(436): CodeIgniter\CodeIgniter->runController(Object(App\Controllers\Login))
#3 D:\omorfia\system\CodeIgniter.php(336): CodeIgniter\CodeIgniter->handleRequest(NULL, Object(Config\Cache), false)
#4 D:\omorfia\index.php(37): CodeIgniter\CodeIgniter->run()
#5 {main}
CRITICAL - 2021-06-27 19:18:26 --> Call to undefined method CodeIgniter\Database\MySQLi\Connection::where()
#0 D:\omorfia\app\Controllers\Login.php(20): App\Models\loginModel->login(Array)
#1 D:\omorfia\system\CodeIgniter.php(928): App\Controllers\Login->sessao()
#2 D:\omorfia\system\CodeIgniter.php(436): CodeIgniter\CodeIgniter->runController(Object(App\Controllers\Login))
#3 D:\omorfia\system\CodeIgniter.php(336): CodeIgniter\CodeIgniter->handleRequest(NULL, Object(Config\Cache), false)
#4 D:\omorfia\index.php(37): CodeIgniter\CodeIgniter->run()
#5 {main}
CRITICAL - 2021-06-27 19:18:27 --> Call to undefined method CodeIgniter\Database\MySQLi\Connection::where()
#0 D:\omorfia\app\Controllers\Login.php(20): App\Models\loginModel->login(Array)
#1 D:\omorfia\system\CodeIgniter.php(928): App\Controllers\Login->sessao()
#2 D:\omorfia\system\CodeIgniter.php(436): CodeIgniter\CodeIgniter->runController(Object(App\Controllers\Login))
#3 D:\omorfia\system\CodeIgniter.php(336): CodeIgniter\CodeIgniter->handleRequest(NULL, Object(Config\Cache), false)
#4 D:\omorfia\index.php(37): CodeIgniter\CodeIgniter->run()
#5 {main}
CRITICAL - 2021-06-27 19:18:42 --> Undefined variable: db
#0 D:\omorfia\app\Models\LoginModel.php(23): CodeIgniter\Debug\Exceptions->errorHandler(8, 'Undefined varia...', 'D:\\omorfia\\app\\...', 23, Array)
#1 D:\omorfia\app\Controllers\Login.php(20): App\Models\loginModel->login(Array)
#2 D:\omorfia\system\CodeIgniter.php(928): App\Controllers\Login->sessao()
#3 D:\omorfia\system\CodeIgniter.php(436): CodeIgniter\CodeIgniter->runController(Object(App\Controllers\Login))
#4 D:\omorfia\system\CodeIgniter.php(336): CodeIgniter\CodeIgniter->handleRequest(NULL, Object(Config\Cache), false)
#5 D:\omorfia\index.php(37): CodeIgniter\CodeIgniter->run()
#6 {main}
CRITICAL - 2021-06-27 19:19:01 --> Call to undefined method CodeIgniter\Database\MySQLi\Connection::where()
#0 D:\omorfia\app\Controllers\Login.php(20): App\Models\loginModel->login(Array)
#1 D:\omorfia\system\CodeIgniter.php(928): App\Controllers\Login->sessao()
#2 D:\omorfia\system\CodeIgniter.php(436): CodeIgniter\CodeIgniter->runController(Object(App\Controllers\Login))
#3 D:\omorfia\system\CodeIgniter.php(336): CodeIgniter\CodeIgniter->handleRequest(NULL, Object(Config\Cache), false)
#4 D:\omorfia\index.php(37): CodeIgniter\CodeIgniter->run()
#5 {main}
CRITICAL - 2021-06-27 19:23:40 --> Call to undefined method CodeIgniter\Database\MySQLi\Connection::getRowArray()
#0 D:\omorfia\app\Controllers\Login.php(20): App\Models\loginModel->login(Array)
#1 D:\omorfia\system\CodeIgniter.php(928): App\Controllers\Login->sessao()
#2 D:\omorfia\system\CodeIgniter.php(436): CodeIgniter\CodeIgniter->runController(Object(App\Controllers\Login))
#3 D:\omorfia\system\CodeIgniter.php(336): CodeIgniter\CodeIgniter->handleRequest(NULL, Object(Config\Cache), false)
#4 D:\omorfia\index.php(37): CodeIgniter\CodeIgniter->run()
#5 {main}
CRITICAL - 2021-06-27 19:24:02 --> Call to undefined method CodeIgniter\Database\MySQLi\Builder::getRowArray()
#0 D:\omorfia\app\Controllers\Login.php(20): App\Models\loginModel->login(Array)
#1 D:\omorfia\system\CodeIgniter.php(928): App\Controllers\Login->sessao()
#2 D:\omorfia\system\CodeIgniter.php(436): CodeIgniter\CodeIgniter->runController(Object(App\Controllers\Login))
#3 D:\omorfia\system\CodeIgniter.php(336): CodeIgniter\CodeIgniter->handleRequest(NULL, Object(Config\Cache), false)
#4 D:\omorfia\index.php(37): CodeIgniter\CodeIgniter->run()
#5 {main}
CRITICAL - 2021-06-27 19:25:52 --> Undefined variable: db
#0 D:\omorfia\app\Models\LoginModel.php(24): CodeIgniter\Debug\Exceptions->errorHandler(8, 'Undefined varia...', 'D:\\omorfia\\app\\...', 24, Array)
#1 D:\omorfia\app\Controllers\Login.php(20): App\Models\loginModel->login(Array)
#2 D:\omorfia\system\CodeIgniter.php(928): App\Controllers\Login->sessao()
#3 D:\omorfia\system\CodeIgniter.php(436): CodeIgniter\CodeIgniter->runController(Object(App\Controllers\Login))
#4 D:\omorfia\system\CodeIgniter.php(336): CodeIgniter\CodeIgniter->handleRequest(NULL, Object(Config\Cache), false)
#5 D:\omorfia\index.php(37): CodeIgniter\CodeIgniter->run()
#6 {main}
CRITICAL - 2021-06-27 19:26:02 --> Call to undefined method CodeIgniter\Database\MySQLi\Builder::getRowArray()
#0 D:\omorfia\app\Controllers\Login.php(20): App\Models\loginModel->login(Array)
#1 D:\omorfia\system\CodeIgniter.php(928): App\Controllers\Login->sessao()
#2 D:\omorfia\system\CodeIgniter.php(436): CodeIgniter\CodeIgniter->runController(Object(App\Controllers\Login))
#3 D:\omorfia\system\CodeIgniter.php(336): CodeIgniter\CodeIgniter->handleRequest(NULL, Object(Config\Cache), false)
#4 D:\omorfia\index.php(37): CodeIgniter\CodeIgniter->run()
#5 {main}
CRITICAL - 2021-06-27 19:27:58 --> Call to undefined method CodeIgniter\Database\MySQLi\Builder::getResultArray()
#0 D:\omorfia\app\Controllers\Login.php(20): App\Models\loginModel->login(Array)
#1 D:\omorfia\system\CodeIgniter.php(928): App\Controllers\Login->sessao()
#2 D:\omorfia\system\CodeIgniter.php(436): CodeIgniter\CodeIgniter->runController(Object(App\Controllers\Login))
#3 D:\omorfia\system\CodeIgniter.php(336): CodeIgniter\CodeIgniter->handleRequest(NULL, Object(Config\Cache), false)
#4 D:\omorfia\index.php(37): CodeIgniter\CodeIgniter->run()
#5 {main}
CRITICAL - 2021-06-27 19:34:45 --> Call to undefined method CodeIgniter\Database\MySQLi\Builder::getRowArray()
#0 D:\omorfia\app\Controllers\Login.php(20): App\Models\loginModel->login(Array)
#1 D:\omorfia\system\CodeIgniter.php(928): App\Controllers\Login->sessao()
#2 D:\omorfia\system\CodeIgniter.php(436): CodeIgniter\CodeIgniter->runController(Object(App\Controllers\Login))
#3 D:\omorfia\system\CodeIgniter.php(336): CodeIgniter\CodeIgniter->handleRequest(NULL, Object(Config\Cache), false)
#4 D:\omorfia\index.php(37): CodeIgniter\CodeIgniter->run()
#5 {main}
CRITICAL - 2021-06-27 19:36:18 --> Call to undefined method CodeIgniter\Database\MySQLi\Connection::where()
#0 D:\omorfia\app\Controllers\Login.php(20): App\Models\loginModel->login(Array)
#1 D:\omorfia\system\CodeIgniter.php(928): App\Controllers\Login->sessao()
#2 D:\omorfia\system\CodeIgniter.php(436): CodeIgniter\CodeIgniter->runController(Object(App\Controllers\Login))
#3 D:\omorfia\system\CodeIgniter.php(336): CodeIgniter\CodeIgniter->handleRequest(NULL, Object(Config\Cache), false)
#4 D:\omorfia\index.php(37): CodeIgniter\CodeIgniter->run()
#5 {main}
CRITICAL - 2021-06-27 19:36:41 --> Call to undefined method CodeIgniter\Database\MySQLi\Builder::getRowArray()
#0 D:\omorfia\app\Controllers\Login.php(20): App\Models\loginModel->login(Array)
#1 D:\omorfia\system\CodeIgniter.php(928): App\Controllers\Login->sessao()
#2 D:\omorfia\system\CodeIgniter.php(436): CodeIgniter\CodeIgniter->runController(Object(App\Controllers\Login))
#3 D:\omorfia\system\CodeIgniter.php(336): CodeIgniter\CodeIgniter->handleRequest(NULL, Object(Config\Cache), false)
#4 D:\omorfia\index.php(37): CodeIgniter\CodeIgniter->run()
#5 {main}
CRITICAL - 2021-06-27 19:38:55 --> Call to undefined method CodeIgniter\Database\MySQLi\Connection::where()
#0 D:\omorfia\app\Controllers\Login.php(20): App\Models\loginModel->login(Array)
#1 D:\omorfia\system\CodeIgniter.php(928): App\Controllers\Login->sessao()
#2 D:\omorfia\system\CodeIgniter.php(436): CodeIgniter\CodeIgniter->runController(Object(App\Controllers\Login))
#3 D:\omorfia\system\CodeIgniter.php(336): CodeIgniter\CodeIgniter->handleRequest(NULL, Object(Config\Cache), false)
#4 D:\omorfia\index.php(37): CodeIgniter\CodeIgniter->run()
#5 {main}
CRITICAL - 2021-06-27 19:41:29 --> Call to undefined method CodeIgniter\Database\MySQLi\Builder::getRowArray()
#0 D:\omorfia\app\Controllers\Login.php(20): App\Models\loginModel->login(Array)
#1 D:\omorfia\system\CodeIgniter.php(928): App\Controllers\Login->sessao()
#2 D:\omorfia\system\CodeIgniter.php(436): CodeIgniter\CodeIgniter->runController(Object(App\Controllers\Login))
#3 D:\omorfia\system\CodeIgniter.php(336): CodeIgniter\CodeIgniter->handleRequest(NULL, Object(Config\Cache), false)
#4 D:\omorfia\index.php(37): CodeIgniter\CodeIgniter->run()
#5 {main}
CRITICAL - 2021-06-27 19:42:48 --> Call to undefined method CodeIgniter\Database\MySQLi\Builder::getResultArray()
#0 D:\omorfia\app\Controllers\Login.php(20): App\Models\loginModel->login(Array)
#1 D:\omorfia\system\CodeIgniter.php(928): App\Controllers\Login->sessao()
#2 D:\omorfia\system\CodeIgniter.php(436): CodeIgniter\CodeIgniter->runController(Object(App\Controllers\Login))
#3 D:\omorfia\system\CodeIgniter.php(336): CodeIgniter\CodeIgniter->handleRequest(NULL, Object(Config\Cache), false)
#4 D:\omorfia\index.php(37): CodeIgniter\CodeIgniter->run()
#5 {main}
CRITICAL - 2021-06-27 19:42:50 --> Call to undefined method CodeIgniter\Database\MySQLi\Builder::getResultArray()
#0 D:\omorfia\app\Controllers\Login.php(20): App\Models\loginModel->login(Array)
#1 D:\omorfia\system\CodeIgniter.php(928): App\Controllers\Login->sessao()
#2 D:\omorfia\system\CodeIgniter.php(436): CodeIgniter\CodeIgniter->runController(Object(App\Controllers\Login))
#3 D:\omorfia\system\CodeIgniter.php(336): CodeIgniter\CodeIgniter->handleRequest(NULL, Object(Config\Cache), false)
#4 D:\omorfia\index.php(37): CodeIgniter\CodeIgniter->run()
#5 {main}
CRITICAL - 2021-06-27 19:42:50 --> Call to undefined method CodeIgniter\Database\MySQLi\Builder::getResultArray()
#0 D:\omorfia\app\Controllers\Login.php(20): App\Models\loginModel->login(Array)
#1 D:\omorfia\system\CodeIgniter.php(928): App\Controllers\Login->sessao()
#2 D:\omorfia\system\CodeIgniter.php(436): CodeIgniter\CodeIgniter->runController(Object(App\Controllers\Login))
#3 D:\omorfia\system\CodeIgniter.php(336): CodeIgniter\CodeIgniter->handleRequest(NULL, Object(Config\Cache), false)
#4 D:\omorfia\index.php(37): CodeIgniter\CodeIgniter->run()
#5 {main}
CRITICAL - 2021-06-27 19:43:16 --> Call to undefined method CodeIgniter\Database\MySQLi\Connection::getRowArray()
#0 D:\omorfia\app\Controllers\Login.php(20): App\Models\loginModel->login(Array)
#1 D:\omorfia\system\CodeIgniter.php(928): App\Controllers\Login->sessao()
#2 D:\omorfia\system\CodeIgniter.php(436): CodeIgniter\CodeIgniter->runController(Object(App\Controllers\Login))
#3 D:\omorfia\system\CodeIgniter.php(336): CodeIgniter\CodeIgniter->handleRequest(NULL, Object(Config\Cache), false)
#4 D:\omorfia\index.php(37): CodeIgniter\CodeIgniter->run()
#5 {main}
CRITICAL - 2021-06-27 19:43:22 --> Call to undefined method CodeIgniter\Database\MySQLi\Builder::getRowArray()
#0 D:\omorfia\app\Controllers\Login.php(20): App\Models\loginModel->login(Array)
#1 D:\omorfia\system\CodeIgniter.php(928): App\Controllers\Login->sessao()
#2 D:\omorfia\system\CodeIgniter.php(436): CodeIgniter\CodeIgniter->runController(Object(App\Controllers\Login))
#3 D:\omorfia\system\CodeIgniter.php(336): CodeIgniter\CodeIgniter->handleRequest(NULL, Object(Config\Cache), false)
#4 D:\omorfia\index.php(37): CodeIgniter\CodeIgniter->run()
#5 {main}
CRITICAL - 2021-06-27 19:43:23 --> Call to undefined method CodeIgniter\Database\MySQLi\Builder::getRowArray()
#0 D:\omorfia\app\Controllers\Login.php(20): App\Models\loginModel->login(Array)
#1 D:\omorfia\system\CodeIgniter.php(928): App\Controllers\Login->sessao()
#2 D:\omorfia\system\CodeIgniter.php(436): CodeIgniter\CodeIgniter->runController(Object(App\Controllers\Login))
#3 D:\omorfia\system\CodeIgniter.php(336): CodeIgniter\CodeIgniter->handleRequest(NULL, Object(Config\Cache), false)
#4 D:\omorfia\index.php(37): CodeIgniter\CodeIgniter->run()
#5 {main}
CRITICAL - 2021-06-27 19:43:24 --> Call to undefined method CodeIgniter\Database\MySQLi\Builder::getRowArray()
#0 D:\omorfia\app\Controllers\Login.php(20): App\Models\loginModel->login(Array)
#1 D:\omorfia\system\CodeIgniter.php(928): App\Controllers\Login->sessao()
#2 D:\omorfia\system\CodeIgniter.php(436): CodeIgniter\CodeIgniter->runController(Object(App\Controllers\Login))
#3 D:\omorfia\system\CodeIgniter.php(336): CodeIgniter\CodeIgniter->handleRequest(NULL, Object(Config\Cache), false)
#4 D:\omorfia\index.php(37): CodeIgniter\CodeIgniter->run()
#5 {main}
CRITICAL - 2021-06-27 19:43:25 --> Call to undefined method CodeIgniter\Database\MySQLi\Builder::getRowArray()
#0 D:\omorfia\app\Controllers\Login.php(20): App\Models\loginModel->login(Array)
#1 D:\omorfia\system\CodeIgniter.php(928): App\Controllers\Login->sessao()
#2 D:\omorfia\system\CodeIgniter.php(436): CodeIgniter\CodeIgniter->runController(Object(App\Controllers\Login))
#3 D:\omorfia\system\CodeIgniter.php(336): CodeIgniter\CodeIgniter->handleRequest(NULL, Object(Config\Cache), false)
#4 D:\omorfia\index.php(37): CodeIgniter\CodeIgniter->run()
#5 {main}
CRITICAL - 2021-06-27 19:43:25 --> Call to undefined method CodeIgniter\Database\MySQLi\Builder::getRowArray()
#0 D:\omorfia\app\Controllers\Login.php(20): App\Models\loginModel->login(Array)
#1 D:\omorfia\system\CodeIgniter.php(928): App\Controllers\Login->sessao()
#2 D:\omorfia\system\CodeIgniter.php(436): CodeIgniter\CodeIgniter->runController(Object(App\Controllers\Login))
#3 D:\omorfia\system\CodeIgniter.php(336): CodeIgniter\CodeIgniter->handleRequest(NULL, Object(Config\Cache), false)
#4 D:\omorfia\index.php(37): CodeIgniter\CodeIgniter->run()
#5 {main}
CRITICAL - 2021-06-27 19:43:41 --> Call to undefined method CodeIgniter\Database\MySQLi\Builder::getResult()
#0 D:\omorfia\app\Controllers\Login.php(20): App\Models\loginModel->login(Array)
#1 D:\omorfia\system\CodeIgniter.php(928): App\Controllers\Login->sessao()
#2 D:\omorfia\system\CodeIgniter.php(436): CodeIgniter\CodeIgniter->runController(Object(App\Controllers\Login))
#3 D:\omorfia\system\CodeIgniter.php(336): CodeIgniter\CodeIgniter->handleRequest(NULL, Object(Config\Cache), false)
#4 D:\omorfia\index.php(37): CodeIgniter\CodeIgniter->run()
#5 {main}
CRITICAL - 2021-06-27 19:45:23 --> Undefined index: inputUsername
#0 D:\omorfia\app\Models\LoginModel.php(18): CodeIgniter\Debug\Exceptions->errorHandler(8, 'Undefined index...', 'D:\\omorfia\\app\\...', 18, Array)
#1 D:\omorfia\app\Controllers\Login.php(20): App\Models\loginModel->login(Array)
#2 D:\omorfia\system\CodeIgniter.php(928): App\Controllers\Login->sessao()
#3 D:\omorfia\system\CodeIgniter.php(436): CodeIgniter\CodeIgniter->runController(Object(App\Controllers\Login))
#4 D:\omorfia\system\CodeIgniter.php(336): CodeIgniter\CodeIgniter->handleRequest(NULL, Object(Config\Cache), false)
#5 D:\omorfia\index.php(37): CodeIgniter\CodeIgniter->run()
#6 {main}
CRITICAL - 2021-06-27 19:45:41 --> Call to undefined method CodeIgniter\Database\MySQLi\Result::where()
#0 D:\omorfia\app\Controllers\Login.php(20): App\Models\loginModel->login(Array)
#1 D:\omorfia\system\CodeIgniter.php(928): App\Controllers\Login->sessao()
#2 D:\omorfia\system\CodeIgniter.php(436): CodeIgniter\CodeIgniter->runController(Object(App\Controllers\Login))
#3 D:\omorfia\system\CodeIgniter.php(336): CodeIgniter\CodeIgniter->handleRequest(NULL, Object(Config\Cache), false)
#4 D:\omorfia\index.php(37): CodeIgniter\CodeIgniter->run()
#5 {main}
ERROR - 2021-06-27 19:47:27 --> You have an error in your SQL syntax; check the manual that corresponds to your MySQL server version for the right syntax to use near '@gmail.com' at line 1
CRITICAL - 2021-06-27 19:47:27 --> You have an error in your SQL syntax; check the manual that corresponds to your MySQL server version for the right syntax to use near '@gmail.com' at line 1
#0 D:\omorfia\system\Database\MySQLi\Connection.php(329): mysqli->query('SELECT * FROM u...')
#1 D:\omorfia\system\Database\BaseConnection.php(732): CodeIgniter\Database\MySQLi\Connection->execute('SELECT * FROM u...')
#2 D:\omorfia\system\Database\BaseConnection.php(647): CodeIgniter\Database\BaseConnection->simpleQuery('SELECT * FROM u...')
#3 D:\omorfia\app\Models\LoginModel.php(25): CodeIgniter\Database\BaseConnection->query('SELECT * FROM u...')
#4 D:\omorfia\app\Controllers\Login.php(20): App\Models\loginModel->login(Array)
#5 D:\omorfia\system\CodeIgniter.php(928): App\Controllers\Login->sessao()
#6 D:\omorfia\system\CodeIgniter.php(436): CodeIgniter\CodeIgniter->runController(Object(App\Controllers\Login))
#7 D:\omorfia\system\CodeIgniter.php(336): CodeIgniter\CodeIgniter->handleRequest(NULL, Object(Config\Cache), false)
#8 D:\omorfia\index.php(37): CodeIgniter\CodeIgniter->run()
#9 {main}
CRITICAL - 2021-06-27 19:47:51 --> You must set the database table to be used with your query.
#0 D:\omorfia\system\Model.php(602): CodeIgniter\Database\BaseConnection->table(NULL)
#1 D:\omorfia\system\Model.php(761): CodeIgniter\Model->builder()
#2 D:\omorfia\app\Models\LoginModel.php(28): CodeIgniter\Model->__get('load')
#3 D:\omorfia\app\Controllers\Login.php(20): App\Models\loginModel->login(Array)
#4 D:\omorfia\system\CodeIgniter.php(928): App\Controllers\Login->sessao()
#5 D:\omorfia\system\CodeIgniter.php(436): CodeIgniter\CodeIgniter->runController(Object(App\Controllers\Login))
#6 D:\omorfia\system\CodeIgniter.php(336): CodeIgniter\CodeIgniter->handleRequest(NULL, Object(Config\Cache), false)
#7 D:\omorfia\index.php(37): CodeIgniter\CodeIgniter->run()
#8 {main}
CRITICAL - 2021-06-27 19:49:16 --> You must set the database table to be used with your query.
#0 D:\omorfia\system\Model.php(602): CodeIgniter\Database\BaseConnection->table(NULL)
#1 D:\omorfia\system\Model.php(761): CodeIgniter\Model->builder()
#2 D:\omorfia\app\Models\LoginModel.php(28): CodeIgniter\Model->__get('load')
#3 D:\omorfia\app\Controllers\Login.php(20): App\Models\loginModel->login(Array)
#4 D:\omorfia\system\CodeIgniter.php(928): App\Controllers\Login->sessao()
#5 D:\omorfia\system\CodeIgniter.php(436): CodeIgniter\CodeIgniter->runController(Object(App\Controllers\Login))
#6 D:\omorfia\system\CodeIgniter.php(336): CodeIgniter\CodeIgniter->handleRequest(NULL, Object(Config\Cache), false)
#7 D:\omorfia\index.php(37): CodeIgniter\CodeIgniter->run()
#8 {main}
CRITICAL - 2021-06-27 19:49:18 --> You must set the database table to be used with your query.
#0 D:\omorfia\system\Model.php(602): CodeIgniter\Database\BaseConnection->table(NULL)
#1 D:\omorfia\system\Model.php(761): CodeIgniter\Model->builder()
#2 D:\omorfia\app\Models\LoginModel.php(28): CodeIgniter\Model->__get('load')
#3 D:\omorfia\app\Controllers\Login.php(20): App\Models\loginModel->login(Array)
#4 D:\omorfia\system\CodeIgniter.php(928): App\Controllers\Login->sessao()
#5 D:\omorfia\system\CodeIgniter.php(436): CodeIgniter\CodeIgniter->runController(Object(App\Controllers\Login))
#6 D:\omorfia\system\CodeIgniter.php(336): CodeIgniter\CodeIgniter->handleRequest(NULL, Object(Config\Cache), false)
#7 D:\omorfia\index.php(37): CodeIgniter\CodeIgniter->run()
#8 {main}
CRITICAL - 2021-06-27 19:50:51 --> Undefined index: inputUsername
#0 D:\omorfia\app\Models\LoginModel.php(18): CodeIgniter\Debug\Exceptions->errorHandler(8, 'Undefined index...', 'D:\\omorfia\\app\\...', 18, Array)
#1 D:\omorfia\app\Controllers\Login.php(20): App\Models\loginModel->login(Array)
#2 D:\omorfia\system\CodeIgniter.php(928): App\Controllers\Login->sessao()
#3 D:\omorfia\system\CodeIgniter.php(436): CodeIgniter\CodeIgniter->runController(Object(App\Controllers\Login))
#4 D:\omorfia\system\CodeIgniter.php(336): CodeIgniter\CodeIgniter->handleRequest(NULL, Object(Config\Cache), false)
#5 D:\omorfia\index.php(37): CodeIgniter\CodeIgniter->run()
#6 {main}
CRITICAL - 2021-06-27 19:51:19 --> Undefined index: inputUsername
#0 D:\omorfia\app\Models\LoginModel.php(18): CodeIgniter\Debug\Exceptions->errorHandler(8, 'Undefined index...', 'D:\\omorfia\\app\\...', 18, Array)
#1 D:\omorfia\app\Controllers\Login.php(20): App\Models\loginModel->login(Array)
#2 D:\omorfia\system\CodeIgniter.php(928): App\Controllers\Login->sessao()
#3 D:\omorfia\system\CodeIgniter.php(436): CodeIgniter\CodeIgniter->runController(Object(App\Controllers\Login))
#4 D:\omorfia\system\CodeIgniter.php(336): CodeIgniter\CodeIgniter->handleRequest(NULL, Object(Config\Cache), false)
#5 D:\omorfia\index.php(37): CodeIgniter\CodeIgniter->run()
#6 {main}
CRITICAL - 2021-06-27 19:54:26 --> Trying to get property 'senha' of non-object
#0 D:\omorfia\app\Models\LoginModel.php(27): CodeIgniter\Debug\Exceptions->errorHandler(8, 'Trying to get p...', 'D:\\omorfia\\app\\...', 27, Array)
#1 D:\omorfia\app\Controllers\Login.php(20): App\Models\loginModel->login(Array)
#2 D:\omorfia\system\CodeIgniter.php(928): App\Controllers\Login->sessao()
#3 D:\omorfia\system\CodeIgniter.php(436): CodeIgniter\CodeIgniter->runController(Object(App\Controllers\Login))
#4 D:\omorfia\system\CodeIgniter.php(336): CodeIgniter\CodeIgniter->handleRequest(NULL, Object(Config\Cache), false)
#5 D:\omorfia\index.php(37): CodeIgniter\CodeIgniter->run()
#6 {main}
CRITICAL - 2021-06-27 19:55:11 --> Undefined variable: usuario
#0 D:\omorfia\app\Models\LoginModel.php(31): CodeIgniter\Debug\Exceptions->errorHandler(8, 'Undefined varia...', 'D:\\omorfia\\app\\...', 31, Array)
#1 D:\omorfia\app\Controllers\Login.php(20): App\Models\loginModel->login(Array)
#2 D:\omorfia\system\CodeIgniter.php(928): App\Controllers\Login->sessao()
#3 D:\omorfia\system\CodeIgniter.php(436): CodeIgniter\CodeIgniter->runController(Object(App\Controllers\Login))
#4 D:\omorfia\system\CodeIgniter.php(336): CodeIgniter\CodeIgniter->handleRequest(NULL, Object(Config\Cache), false)
#5 D:\omorfia\index.php(37): CodeIgniter\CodeIgniter->run()
#6 {main}
CRITICAL - 2021-06-27 20:15:03 --> Undefined index: inputUsuario
#0 D:\omorfia\app\Models\LoginModel.php(18): CodeIgniter\Debug\Exceptions->errorHandler(8, 'Undefined index...', 'D:\\omorfia\\app\\...', 18, Array)
#1 D:\omorfia\app\Controllers\Login.php(20): App\Models\loginModel->login(Array)
#2 D:\omorfia\system\CodeIgniter.php(928): App\Controllers\Login->sessao()
#3 D:\omorfia\system\CodeIgniter.php(436): CodeIgniter\CodeIgniter->runController(Object(App\Controllers\Login))
#4 D:\omorfia\system\CodeIgniter.php(336): CodeIgniter\CodeIgniter->handleRequest(NULL, Object(Config\Cache), false)
#5 D:\omorfia\index.php(37): CodeIgniter\CodeIgniter->run()
#6 {main}
CRITICAL - 2021-06-27 21:57:54 --> You must set the database table to be used with your query.
#0 D:\omorfia\system\Model.php(602): CodeIgniter\Database\BaseConnection->table(NULL)
#1 D:\omorfia\system\Model.php(761): CodeIgniter\Model->builder()
#2 D:\omorfia\app\Models\LoginModel.php(36): CodeIgniter\Model->__get('session')
#3 D:\omorfia\app\Controllers\Login.php(20): App\Models\loginModel->login(Array)
#4 D:\omorfia\system\CodeIgniter.php(928): App\Controllers\Login->sessao()
#5 D:\omorfia\system\CodeIgniter.php(436): CodeIgniter\CodeIgniter->runController(Object(App\Controllers\Login))
#6 D:\omorfia\system\CodeIgniter.php(336): CodeIgniter\CodeIgniter->handleRequest(NULL, Object(Config\Cache), false)
#7 D:\omorfia\index.php(37): CodeIgniter\CodeIgniter->run()
#8 {main}
CRITICAL - 2021-06-27 21:59:26 --> You must set the database table to be used with your query.
#0 D:\omorfia\system\Model.php(602): CodeIgniter\Database\BaseConnection->table(NULL)
#1 D:\omorfia\system\Model.php(761): CodeIgniter\Model->builder()
#2 D:\omorfia\app\Models\LoginModel.php(36): CodeIgniter\Model->__get('session')
#3 D:\omorfia\app\Controllers\Login.php(20): App\Models\loginModel->login(Array)
#4 D:\omorfia\system\CodeIgniter.php(928): App\Controllers\Login->sessao()
#5 D:\omorfia\system\CodeIgniter.php(436): CodeIgniter\CodeIgniter->runController(Object(App\Controllers\Login))
#6 D:\omorfia\system\CodeIgniter.php(336): CodeIgniter\CodeIgniter->handleRequest(NULL, Object(Config\Cache), false)
#7 D:\omorfia\index.php(37): CodeIgniter\CodeIgniter->run()
#8 {main}
CRITICAL - 2021-06-27 21:59:48 --> You must set the database table to be used with your query.
#0 D:\omorfia\system\Model.php(602): CodeIgniter\Database\BaseConnection->table(NULL)
#1 D:\omorfia\system\Model.php(761): CodeIgniter\Model->builder()
#2 D:\omorfia\app\Models\LoginModel.php(36): CodeIgniter\Model->__get('session')
#3 D:\omorfia\app\Controllers\Login.php(20): App\Models\loginModel->login(Array)
#4 D:\omorfia\system\CodeIgniter.php(928): App\Controllers\Login->sessao()
#5 D:\omorfia\system\CodeIgniter.php(436): CodeIgniter\CodeIgniter->runController(Object(App\Controllers\Login))
#6 D:\omorfia\system\CodeIgniter.php(336): CodeIgniter\CodeIgniter->handleRequest(NULL, Object(Config\Cache), false)
#7 D:\omorfia\index.php(37): CodeIgniter\CodeIgniter->run()
#8 {main}
CRITICAL - 2021-06-27 22:02:11 --> You must set the database table to be used with your query.
#0 D:\omorfia\system\Model.php(602): CodeIgniter\Database\BaseConnection->table(NULL)
#1 D:\omorfia\system\Model.php(761): CodeIgniter\Model->builder()
#2 D:\omorfia\app\Models\LoginModel.php(36): CodeIgniter\Model->__get('session')
#3 D:\omorfia\app\Controllers\Login.php(20): App\Models\loginModel->login(Array)
#4 D:\omorfia\system\CodeIgniter.php(928): App\Controllers\Login->sessao()
#5 D:\omorfia\system\CodeIgniter.php(436): CodeIgniter\CodeIgniter->runController(Object(App\Controllers\Login))
#6 D:\omorfia\system\CodeIgniter.php(336): CodeIgniter\CodeIgniter->handleRequest(NULL, Object(Config\Cache), false)
#7 D:\omorfia\index.php(37): CodeIgniter\CodeIgniter->run()
#8 {main}
CRITICAL - 2021-06-27 22:07:26 --> Object of class CodeIgniter\HTTP\RedirectResponse could not be converted to string
#0 D:\omorfia\app\Controllers\Login.php(22): CodeIgniter\Debug\Exceptions->errorHandler(4096, 'Object of class...', 'D:\\omorfia\\app\\...', 22, Array)
#1 D:\omorfia\system\CodeIgniter.php(928): App\Controllers\Login->sessao()
#2 D:\omorfia\system\CodeIgniter.php(436): CodeIgniter\CodeIgniter->runController(Object(App\Controllers\Login))
#3 D:\omorfia\system\CodeIgniter.php(336): CodeIgniter\CodeIgniter->handleRequest(NULL, Object(Config\Cache), false)
#4 D:\omorfia\index.php(37): CodeIgniter\CodeIgniter->run()
#5 {main}
